[    0.000000] Initializing cgroup subsys cpuset
[    0.000000] Initializing cgroup subsys cpu
[    0.000000] Initializing cgroup subsys cpuacct
[    0.000000] Linux version 4.4.0-151-generic (buildd@lgw01-amd64-043) (gcc version 5.4.0 20160609 (Ubuntu 5.4.0-6ubuntu1~16.04.10) ) #178-Ubuntu SMP Tue Jun 11 08:30:22 UTC 2019 (Ubuntu 4.4.0-151.178-generic 4.4.179)
[    0.000000] Command line: BOOT_IMAGE=/boot/vmlinuz-4.4.0-151-generic root=LABEL=cloudimg-rootfs ro console=tty1 console=ttyS0
[    0.000000] KERNEL supported cpus:
[    0.000000]   Intel GenuineIntel
[    0.000000]   AMD AuthenticAMD
[    0.000000]   Centaur CentaurHauls
[    0.000000] x86/fpu: xstate_offset[2]:  576, xstate_sizes[2]:  256
[    0.000000] x86/fpu: Supporting XSAVE feature 0x01: 'x87 floating point registers'
[    0.000000] x86/fpu: Supporting XSAVE feature 0x02: 'SSE registers'
[    0.000000] x86/fpu: Supporting XSAVE feature 0x04: 'AVX registers'
[    0.000000] x86/fpu: Enabled xstate features 0x7, context size is 832 bytes, using 'standard' format.
[    0.000000] e820: BIOS-provided physical RAM map:
[    0.000000] BIOS-e820: [mem 0x0000000000000000-0x000000000009fbff] usable
[    0.000000] BIOS-e820: [mem 0x000000000009fc00-0x000000000009ffff] reserved
[    0.000000] BIOS-e820: [mem 0x00000000000f0000-0x00000000000fffff] reserved
[    0.000000] BIOS-e820: [mem 0x0000000000100000-0x000000007ffeffff] usable
[    0.000000] BIOS-e820: [mem 0x000000007fff0000-0x000000007fffffff] ACPI data
[    0.000000] BIOS-e820: [mem 0x00000000fec00000-0x00000000fec00fff] reserved
[    0.000000] BIOS-e820: [mem 0x00000000fee00000-0x00000000fee00fff] reserved
[    0.000000] BIOS-e820: [mem 0x00000000fffc0000-0x00000000ffffffff] reserved
[    0.000000] NX (Execute Disable) protection: active
[    0.000000] SMBIOS 2.5 present.
[    0.000000] Hypervisor detected: KVM
[    0.000000] e820: last_pfn = 0x7fff0 max_arch_pfn = 0x400000000
[    0.000000] MTRR: Disabled
[    0.000000] x86/PAT: MTRRs disabled, skipping PAT initialization too.
[    0.000000] CPU MTRRs all blank - virtualized system.
[    0.000000] x86/PAT: Configuration [0-7]: WB  WT  UC- UC  WB  WT  UC- UC  
[    0.000000] found SMP MP-table at [mem 0x0009fff0-0x0009ffff] mapped at [ffff88000009fff0]
[    0.000000] Scanning 1 areas for low memory corruption
[    0.000000] RAMDISK: [mem 0x362f6000-0x37172fff]
[    0.000000] ACPI: Early table checksum verification disabled
[    0.000000] ACPI: RSDP 0x00000000000E0000 000024 (v02 VBOX  )
[    0.000000] ACPI: XSDT 0x000000007FFF0030 00003C (v01 VBOX   VBOXXSDT 00000001 ASL  00000061)
[    0.000000] ACPI: FACP 0x000000007FFF00F0 0000F4 (v04 VBOX   VBOXFACP 00000001 ASL  00000061)
[    0.000000] ACPI: DSDT 0x000000007FFF0470 0022EA (v02 VBOX   VBOXBIOS 00000002 INTL 20100528)
[    0.000000] ACPI: FACS 0x000000007FFF0200 000040
[    0.000000] ACPI: FACS 0x000000007FFF0200 000040
[    0.000000] ACPI: APIC 0x000000007FFF0240 00005C (v02 VBOX   VBOXAPIC 00000001 ASL  00000061)
[    0.000000] ACPI: SSDT 0x000000007FFF02A0 0001CC (v01 VBOX   VBOXCPUT 00000002 INTL 20100528)
[    0.000000] No NUMA configuration found
[    0.000000] Faking a node at [mem 0x0000000000000000-0x000000007ffeffff]
[    0.000000] NODE_DATA(0) allocated [mem 0x7ffeb000-0x7ffeffff]
[    0.000000] kvm-clock: Using msrs 4b564d01 and 4b564d00
[    0.000000] kvm-clock: cpu 0, msr 0:7ffe3001, primary cpu clock
[    0.000000] kvm-clock: using sched offset of 5536089363 cycles
[    0.000000] clocksource: kvm-clock: mask: 0xffffffffffffffff max_cycles: 0x1cd42e4dffb, max_idle_ns: 881590591483 ns
[    0.000000] Zone ranges:
[    0.000000]   DMA      [mem 0x0000000000001000-0x0000000000ffffff]
[    0.000000]   DMA32    [mem 0x0000000001000000-0x000000007ffeffff]
[    0.000000]   Normal   empty
[    0.000000]   Device   empty
[    0.000000] Movable zone start for each node
[    0.000000] Early memory node ranges
[    0.000000]   node   0: [mem 0x0000000000001000-0x000000000009efff]
[    0.000000]   node   0: [mem 0x0000000000100000-0x000000007ffeffff]
[    0.000000] Initmem setup node 0 [mem 0x0000000000001000-0x000000007ffeffff]
[    0.000000] ACPI: PM-Timer IO Port: 0x4008
[    0.000000] IOAPIC[0]: apic_id 2, version 32, address 0xfec00000, GSI 0-23
[    0.000000] ACPI: INT_SRC_OVR (bus 0 bus_irq 0 global_irq 2 dfl dfl)
[    0.000000] ACPI: INT_SRC_OVR (bus 0 bus_irq 9 global_irq 9 low level)
[    0.000000] Using ACPI (MADT) for SMP configuration information
[    0.000000] smpboot: Allowing 2 CPUs, 0 hotplug CPUs
[    0.000000] PM: Registered nosave memory: [mem 0x00000000-0x00000fff]
[    0.000000] PM: Registered nosave memory: [mem 0x0009f000-0x0009ffff]
[    0.000000] PM: Registered nosave memory: [mem 0x000a0000-0x000effff]
[    0.000000] PM: Registered nosave memory: [mem 0x000f0000-0x000fffff]
[    0.000000] e820: [mem 0x80000000-0xfebfffff] available for PCI devices
[    0.000000] Booting paravirtualized kernel on KVM
[    0.000000] clocksource: refined-jiffies: mask: 0xffffffff max_cycles: 0xffffffff, max_idle_ns: 7645519600211568 ns
[    0.000000] setup_percpu: NR_CPUS:512 nr_cpumask_bits:512 nr_cpu_ids:2 nr_node_ids:1
[    0.000000] PERCPU: Embedded 34 pages/cpu @ffff88007fc00000 s99480 r8192 d31592 u1048576
[    0.000000] Built 1 zonelists in Node order, mobility grouping on.  Total pages: 515960
[    0.000000] Policy zone: DMA32
[    0.000000] Kernel command line: BOOT_IMAGE=/boot/vmlinuz-4.4.0-151-generic root=LABEL=cloudimg-rootfs ro console=tty1 console=ttyS0
[    0.000000] PID hash table entries: 4096 (order: 3, 32768 bytes)
[    0.000000] Memory: 2029916K/2096696K available (8613K kernel code, 1335K rwdata, 4028K rodata, 1484K init, 1284K bss, 66780K reserved, 0K cma-reserved)
[    0.000000] SLUB: HWalign=64, Order=0-3, MinObjects=0, CPUs=2, Nodes=1
[    0.000000] Kernel/User page tables isolation: enabled
[    0.000000] Hierarchical RCU implementation.
[    0.000000] 	Build-time adjustment of leaf fanout to 64.
[    0.000000] 	RCU restricting CPUs from NR_CPUS=512 to nr_cpu_ids=2.
[    0.000000] RCU: Adjusting geometry for rcu_fanout_leaf=64, nr_cpu_ids=2
[    0.000000] NR_IRQS:33024 nr_irqs:440 16
[    0.000000] Console: colour VGA+ 80x25
[    0.000000] console [tty1] enabled
[    0.000000] console [ttyS0] enabled
[    0.000000] tsc: Detected 2494.316 MHz processor
[    0.925260] Calibrating delay loop (skipped) preset value.. 4988.63 BogoMIPS (lpj=9977264)
[    0.935178] pid_max: default: 32768 minimum: 301
[    0.938272] ACPI: Core revision 20150930
[    0.945679] ACPI: 2 ACPI AML tables successfully acquired and loaded
[    0.958048] Security Framework initialized
[    1.022724] Yama: becoming mindful.
[    1.027996] AppArmor: AppArmor initialized
[    1.057411] Dentry cache hash table entries: 262144 (order: 9, 2097152 bytes)
[    1.108542] Inode-cache hash table entries: 131072 (order: 8, 1048576 bytes)
[    1.129573] Mount-cache hash table entries: 4096 (order: 3, 32768 bytes)
[    1.138857] Mountpoint-cache hash table entries: 4096 (order: 3, 32768 bytes)
[    1.150809] Initializing cgroup subsys io
[    1.160232] Initializing cgroup subsys memory
[    1.170118] Initializing cgroup subsys devices
[    1.181120] Initializing cgroup subsys freezer
[    1.190754] Initializing cgroup subsys net_cls
[    1.197199] Initializing cgroup subsys perf_event
[    1.205318] Initializing cgroup subsys net_prio
[    1.212950] Initializing cgroup subsys hugetlb
[    1.218399] Initializing cgroup subsys pids
[    1.223848] mce: CPU supports 0 MCE banks
[    1.228573] Last level iTLB entries: 4KB 512, 2MB 8, 4MB 8
[    1.236525] Last level dTLB entries: 4KB 512, 2MB 32, 4MB 32, 1GB 0
[    1.250230] Spectre V2 : Mitigation: Full generic retpoline
[    1.260537] Spectre V2 : Spectre v2 / SpectreRSB mitigation: Filling RSB on context switch
[    1.268884] Speculative Store Bypass: Vulnerable
[    1.272275] MDS: Vulnerable: Clear CPU buffers attempted, no microcode
[    1.291649] Freeing SMP alternatives memory: 36K
[    1.309233] ftrace: allocating 32299 entries in 127 pages
[    1.404313] smpboot: APIC(0) Converting physical 0 to logical package 0
[    1.409699] smpboot: Max logical packages: 1
[    1.413215] x2apic enabled
[    1.416034] Switched APIC routing to physical x2apic.
[    1.421089] ..TIMER: vector=0x30 apic1=0 pin1=2 apic2=-1 pin2=-1
[    1.538510] smpboot: CPU0: Intel(R) Core(TM) i5-3210M CPU @ 2.50GHz (family: 0x6, model: 0x3a, stepping: 0x9)
[    1.545629] Performance Events: unsupported p6 CPU model 58 no PMU driver, software events only.
[    1.566293] KVM setup paravirtual spinlock
[    1.575142] x86: Booting SMP configuration:
[    1.581317] .... node  #0, CPUs:      #1
[    1.585995] kvm-clock: cpu 1, msr 0:7ffe3041, secondary cpu clock
[    1.594503] mce: CPU supports 0 MCE banks
[    1.600635] x86: Booted up 1 node, 2 CPUs
[    1.603518] smpboot: Total of 2 processors activated (9977.26 BogoMIPS)
[    1.611714] devtmpfs: initialized
[    1.618753] evm: security.selinux
[    1.626553] evm: security.SMACK64
[    1.631101] evm: security.SMACK64EXEC
[    1.637024] evm: security.SMACK64TRANSMUTE
[    1.639768] evm: security.SMACK64MMAP
[    1.642532] evm: security.ima
[    1.645680] evm: security.capability
[    1.648785] clocksource: jiffies: mask: 0xffffffff max_cycles: 0xffffffff, max_idle_ns: 7645041785100000 ns
[    1.654760] futex hash table entries: 512 (order: 3, 32768 bytes)
[    1.658810] pinctrl core: initialized pinctrl subsystem
[    1.662351] RTC time:  6:19:55, date: 06/20/19
[    1.666069] NET: Registered protocol family 16
[    1.677785] cpuidle: using governor ladder
[    1.689973] cpuidle: using governor menu
[    1.692256] PCCT header not found.
[    1.694283] ACPI: bus type PCI registered
[    1.696958] acpiphp: ACPI Hot Plug PCI Controller Driver version: 0.5
[    1.701201] PCI: Using configuration type 1 for base access
[    1.718733] ACPI: Added _OSI(Module Device)
[    1.721379] ACPI: Added _OSI(Processor Device)
[    1.724296] ACPI: Added _OSI(3.0 _SCP Extensions)
[    1.727140] ACPI: Added _OSI(Processor Aggregator Device)
[    1.731951] ACPI: Executed 1 blocks of module-level executable AML code
[    1.739263] ACPI: Interpreter enabled
[    1.741860] ACPI: (supports S0 S5)
[    1.744294] ACPI: Using IOAPIC for interrupt routing
[    1.748701] PCI: Using host bridge windows from ACPI; if necessary, use "pci=nocrs" and report a bug
[    1.760243] ACPI: PCI Root Bridge [PCI0] (domain 0000 [bus 00-ff])
[    1.763620] acpi PNP0A03:00: _OSC: OS supports [ASPM ClockPM Segments MSI]
[    1.767851] acpi PNP0A03:00: _OSC: not requesting OS control; OS requires [ExtendedConfig ASPM ClockPM MSI]
[    1.774000] acpi PNP0A03:00: fail to add MMCONFIG information, can't access extended PCI configuration space under this bridge.
[    1.784289] PCI host bridge to bus 0000:00
[    1.787030] pci_bus 0000:00: root bus resource [io  0x0000-0x0cf7 window]
[    1.791163] pci_bus 0000:00: root bus resource [io  0x0d00-0xffff window]
[    1.795675] pci_bus 0000:00: root bus resource [mem 0x000a0000-0x000bffff window]
[    1.801488] pci_bus 0000:00: root bus resource [mem 0x80000000-0xfdffffff window]
[    1.807315] pci_bus 0000:00: root bus resource [bus 00-ff]
[    1.820618] pci 0000:00:01.1: legacy IDE quirk: reg 0x10: [io  0x01f0-0x01f7]
[    1.824364] pci 0000:00:01.1: legacy IDE quirk: reg 0x14: [io  0x03f6]
[    1.828788] pci 0000:00:01.1: legacy IDE quirk: reg 0x18: [io  0x0170-0x0177]
[    1.833244] pci 0000:00:01.1: legacy IDE quirk: reg 0x1c: [io  0x0376]
[    1.882800] pci 0000:00:07.0: quirk: [io  0x4000-0x403f] claimed by PIIX4 ACPI
[    1.900090] pci 0000:00:07.0: quirk: [io  0x4100-0x410f] claimed by PIIX4 SMB
[    1.937114] ACPI: PCI Interrupt Link [LNKA] (IRQs 5 9 10 *11)
[    1.941875] ACPI: PCI Interrupt Link [LNKB] (IRQs 5 9 *10 11)
[    1.947650] ACPI: PCI Interrupt Link [LNKC] (IRQs 5 *9 10 11)
[    1.951004] ACPI: PCI Interrupt Link [LNKD] (IRQs 5 9 10 *11)
[    1.956250] ACPI: Enabled 2 GPEs in block 00 to 07
[    1.959993] vgaarb: setting as boot device: PCI:0000:00:02.0
[    1.962814] vgaarb: device added: PCI:0000:00:02.0,decodes=io+mem,owns=io+mem,locks=none
[    1.967347] vgaarb: loaded
[    1.969316] vgaarb: bridge control possible 0000:00:02.0
[    1.972513] SCSI subsystem initialized
[    1.975297] ACPI: bus type USB registered
[    1.977882] usbcore: registered new interface driver usbfs
[    1.981542] usbcore: registered new interface driver hub
[    1.984848] usbcore: registered new device driver usb
[    1.988680] PCI: Using ACPI for IRQ routing
[    1.991991] NetLabel: Initializing
[    1.994345] NetLabel:  domain hash size = 128
[    1.996598] NetLabel:  protocols = UNLABELED CIPSOv4
[    1.999354] NetLabel:  unlabeled traffic allowed by default
[    2.003251] amd_nb: Cannot enumerate AMD northbridges
[    2.006452] clocksource: Switched to clocksource kvm-clock
[    2.022675] AppArmor: AppArmor Filesystem Enabled
[    2.025944] pnp: PnP ACPI init
[    2.029522] pnp: PnP ACPI: found 3 devices
[    2.048497] clocksource: acpi_pm: mask: 0xffffff max_cycles: 0xffffff, max_idle_ns: 2085701024 ns
[    2.054455] NET: Registered protocol family 2
[    2.057627] TCP established hash table entries: 16384 (order: 5, 131072 bytes)
[    2.062347] TCP bind hash table entries: 16384 (order: 6, 262144 bytes)
[    2.066588] TCP: Hash tables configured (established 16384 bind 16384)
[    2.072176] UDP hash table entries: 1024 (order: 3, 32768 bytes)
[    2.076163] UDP-Lite hash table entries: 1024 (order: 3, 32768 bytes)
[    2.081225] NET: Registered protocol family 1
[    2.083911] pci 0000:00:00.0: Limiting direct PCI/PCI transfers
[    2.089432] pci 0000:00:01.0: Activating ISA DMA hang workarounds
[    2.093766] Unpacking initramfs...
[    2.517289] Freeing initrd memory: 14836K
[    2.520405] RAPL PMU detected, API unit is 2^-32 Joules, 3 fixed counters 10737418240 ms ovfl timer
[    2.527905] hw unit of domain pp0-core 2^-0 Joules
[    2.532863] hw unit of domain package 2^-0 Joules
[    2.536243] hw unit of domain pp1-gpu 2^-0 Joules
[    2.539670] clocksource: tsc: mask: 0xffffffffffffffff max_cycles: 0x23f4406cc0d, max_idle_ns: 440795293671 ns
[    2.546940] platform rtc_cmos: registered platform RTC device (no PNP device found)
[    2.552675] Scanning for low memory corruption every 60 seconds
[    2.556226] audit: initializing netlink subsys (disabled)
[    2.559526] audit: type=2000 audit(1561011601.986:1): initialized
[    2.563982] Initialise system trusted keyring
[    2.570370] HugeTLB registered 2 MB page size, pre-allocated 0 pages
[    2.577661] zbud: loaded
[    2.584161] VFS: Disk quotas dquot_6.6.0
[    2.589922] VFS: Dquot-cache hash table entries: 512 (order 0, 4096 bytes)
[    2.595358] squashfs: version 4.0 (2009/01/31) Phillip Lougher
[    2.599890] fuse init (API version 7.23)
[    2.602956] Key type big_key registered
[    2.605932] Allocating IMA MOK and blacklist keyrings.
[    2.612213] Key type asymmetric registered
[    2.615376] Asymmetric key parser 'x509' registered
[    2.618365] Block layer SCSI generic (bsg) driver version 0.4 loaded (major 249)
[    2.623219] io scheduler noop registered
[    2.625993] io scheduler deadline registered (default)
[    2.630240] io scheduler cfq registered
[    2.636171] pci_hotplug: PCI Hot Plug PCI Core version: 0.5
[    2.642285] pciehp: PCI Express Hot Plug Controller Driver version: 0.4
[    2.646398] ACPI: AC Adapter [AC] (on-line)
[    2.653006] input: Power Button as /devices/LNXSYSTM:00/LNXPWRBN:00/input/input0
[    2.660580] ACPI: Power Button [PWRF]
[    2.667536] input: Sleep Button as /devices/LNXSYSTM:00/LNXSLPBN:00/input/input1
[    2.675100] ACPI: Sleep Button [SLPF]
[    2.678412] GHES: HEST is not enabled!
[    2.682137] ACPI: Battery Slot [BAT0] (battery present)
[    2.690637] Serial: 8250/16550 driver, 32 ports, IRQ sharing enabled
[    2.723651] 00:02: ttyS0 at I/O 0x3f8 (irq = 4, base_baud = 115200) is a 16550A
[    2.732588] Linux agpgart interface v0.103
[    2.741828] loop: module loaded
[    2.751553] scsi host0: ata_piix
[    2.757561] scsi host1: ata_piix
[    2.761918] ata1: PATA max UDMA/33 cmd 0x1f0 ctl 0x3f6 bmdma 0xd000 irq 14
[    2.769428] ata2: PATA max UDMA/33 cmd 0x170 ctl 0x376 bmdma 0xd008 irq 15
[    2.774934] libphy: Fixed MDIO Bus: probed
[    2.789024] tun: Universal TUN/TAP device driver, 1.6
[    2.795872] tun: (C) 1999-2004 Max Krasnyansky <maxk@qualcomm.com>
[    2.808050] PPP generic driver version 2.4.2
[    2.822617] ehci_hcd: USB 2.0 'Enhanced' Host Controller (EHCI) Driver
[    2.834881] ehci-pci: EHCI PCI platform driver
[    2.838768] ehci-platform: EHCI generic platform driver
[    2.850677] ohci_hcd: USB 1.1 'Open' Host Controller (OHCI) Driver
[    2.857119] ohci-pci: OHCI PCI platform driver
[    2.863471] ohci-platform: OHCI generic platform driver
[    2.867958] uhci_hcd: USB Universal Host Controller Interface driver
[    2.875589] i8042: PNP: PS/2 Controller [PNP0303:PS2K,PNP0f03:PS2M] at 0x60,0x64 irq 1,12
[    2.886300] serio: i8042 KBD port at 0x60,0x64 irq 1
[    2.891180] serio: i8042 AUX port at 0x60,0x64 irq 12
[    2.907477] mousedev: PS/2 mouse device common for all mice
[    2.916943] input: AT Translated Set 2 keyboard as /devices/platform/i8042/serio0/input/input2
[    2.927556] rtc_cmos rtc_cmos: rtc core: registered rtc_cmos as rtc0
[    2.934232] rtc_cmos rtc_cmos: alarms up to one day, 114 bytes nvram
[    2.941410] i2c /dev entries driver
[    2.945907] device-mapper: uevent: version 1.0.3
[    2.950442] device-mapper: ioctl: 4.34.0-ioctl (2015-10-28) initialised: dm-devel@redhat.com
[    2.969715] ledtrig-cpu: registered to indicate activity on CPUs
[    2.977113] NET: Registered protocol family 10
[    2.981900] NET: Registered protocol family 17
[    2.985934] Key type dns_resolver registered
[    2.988978] registered taskstats version 1
[    3.000983] Loading compiled-in X.509 certificates
[    3.016635] Loaded X.509 cert 'Build time autogenerated kernel key: 7ba2dee60acc6d70f0ebdb64460d59d2cf8df5ff'
[    3.035937] zswap: loaded using pool lzo/zbud
[    3.045893] Key type trusted registered
[    3.057917] Key type encrypted registered
[    3.062242] AppArmor: AppArmor sha1 policy hashing enabled
[    3.069834] ima: No TPM chip found, activating TPM-bypass!
[    3.088763] ima: Allocated hash algorithm: sha1
[    3.094224] evm: HMAC attrs: 0x1
[    3.099252]   Magic number: 7:408:317
[    3.105030] tty tty42: hash matches
[    3.107282] reg-dummy reg-dummy: hash matches
[    3.109502] rtc_cmos rtc_cmos: setting system clock to 2019-06-20 06:19:56 UTC (1561011596)
[    3.114351] BIOS EDD facility v0.16 2004-Jun-25, 0 devices found
[    3.129082] EDD information not available.
[    3.135875] Freeing unused kernel memory: 1484K
[    3.151463] Write protecting the kernel read-only data: 14336k
[    3.167449] Freeing unused kernel memory: 1616K
[    3.177300] Freeing unused kernel memory: 68K
Loading, please wait...
starting version 229
[    3.203731] random: systemd-udevd: uninitialized urandom read (16 bytes read, 3 bits of entropy available)
[    3.204839] random: udevadm: uninitialized urandom read (16 bytes read, 3 bits of entropy available)
[    3.204880] random: udevadm: uninitialized urandom read (16 bytes read, 3 bits of entropy available)
[    3.224001] random: udevadm: uninitialized urandom read (16 bytes read, 3 bits of entropy available)
[    3.224076] random: udevadm: uninitialized urandom read (16 bytes read, 3 bits of entropy available)
[    3.224320] random: udevadm: uninitialized urandom read (16 bytes read, 3 bits of entropy available)
[    3.224415] random: udevadm: uninitialized urandom read (16 bytes read, 3 bits of entropy available)
[    3.224508] random: udevadm: uninitialized urandom read (16 bytes read, 3 bits of entropy available)
[    3.224607] random: udevadm: uninitialized urandom read (16 bytes read, 3 bits of entropy available)
[    3.224712] random: udevadm: uninitialized urandom read (16 bytes read, 3 bits of entropy available)
[    3.389491] e1000: Intel(R) PRO/1000 Network Driver - version 7.3.21-k8-NAPI
[    3.402903] e1000: Copyright (c) 1999-2006 Intel Corporation.
[    3.419678] Fusion MPT base driver 3.04.20
[    3.425344] Copyright (c) 1999-2008 LSI Corporation
[    3.459208] Fusion MPT SPI Host driver 3.04.20
[    3.474135] AVX version of gcm_enc/dec engaged.
[    3.479979] AES CTR mode by8 optimization enabled
[    3.645063] input: ImExPS/2 Generic Explorer Mouse as /devices/platform/i8042/serio1/input/input4
[    4.106123] e1000 0000:00:03.0 eth0: (PCI:33MHz:32-bit) 02:0c:60:2c:ab:01
[    4.111141] e1000 0000:00:03.0 eth0: Intel(R) PRO/1000 Network Connection
[    4.116937] mptbase: ioc0: Initiating bringup
[    4.183577] ioc0: LSI53C1030 A0: Capabilities={Initiator}
[    4.350052] scsi host2: ioc0: LSI53C1030 A0, FwRev=00000000h, Ports=1, MaxQ=256, IRQ=20
[    4.467604] scsi 2:0:0:0: Direct-Access     VBOX     HARDDISK         1.0  PQ: 0 ANSI: 5
[    4.473595] scsi target2:0:0: Beginning Domain Validation
[    4.480134] scsi target2:0:0: Domain Validation skipping write tests
[    4.483892] scsi target2:0:0: Ending Domain Validation
[    4.487513] scsi target2:0:0: asynchronous
[    4.491936] scsi 2:0:1:0: Direct-Access     VBOX     HARDDISK         1.0  PQ: 0 ANSI: 5
[    4.529003] scsi target2:0:1: Beginning Domain Validation
[    4.549618] scsi target2:0:1: Domain Validation skipping write tests
[    4.563450] scsi target2:0:1: Ending Domain Validation
[    4.571679] scsi target2:0:1: asynchronous
[    4.612189] sd 2:0:0:0: Attached scsi generic sg0 type 0
[    4.627768] sd 2:0:0:0: [sda] 20971520 512-byte logical blocks: (10.7 GB/10.0 GiB)
[    4.633360] sd 2:0:0:0: [sda] Write Protect is off
[    4.640500] sd 2:0:0:0: [sda] Incomplete mode parameter data
[    4.649747] sd 2:0:0:0: [sda] Assuming drive cache: write through
[    4.659729] sd 2:0:1:0: [sdb] 20480 512-byte logical blocks: (10.5 MB/10.0 MiB)
[    4.674680] sd 2:0:1:0: Attached scsi generic sg1 type 0
[    4.688933] sd 2:0:1:0: [sdb] Write Protect is off
[    4.710266] sd 2:0:1:0: [sdb] Incomplete mode parameter data
[    4.719886] sd 2:0:1:0: [sdb] Assuming drive cache: write through
[    4.739079]  sda: sda1
[    4.742981] sd 2:0:0:0: [sda] Attached SCSI disk
[    4.749428] sd 2:0:1:0: [sdb] Attached SCSI disk
[    5.235743] e1000 0000:00:08.0 eth1: (PCI:33MHz:32-bit) 08:00:27:16:4b:2f
[    5.239780] e1000 0000:00:08.0 eth1: Intel(R) PRO/1000 Network Connection
[    5.244812] e1000 0000:00:08.0 enp0s8: renamed from eth1
[    5.262523] e1000 0000:00:03.0 enp0s3: renamed from eth0
Begin: Loading essential drivers ... [    7.045199] md: linear personality registered for level -1
[    7.062724] md: multipath personality registered for level -4
[    7.072408] md: raid0 personality registered for level 0
[    7.085785] md: raid1 personality registered for level 1
[    7.167213] raid6: sse2x1   gen()  3756 MB/s
[    7.242835] raid6: sse2x1   xor()  3505 MB/s
[    7.318961] raid6: sse2x2   gen()  2265 MB/s
[    7.391018] raid6: sse2x2   xor()  1762 MB/s
[    7.466842] raid6: sse2x4   gen()  6314 MB/s
[    7.540475] raid6: sse2x4   xor()  2963 MB/s
[    7.550004] raid6: using algorithm sse2x4 gen() 6314 MB/s
[    7.558537] raid6: .... xor() 2963 MB/s, rmw enabled
[    7.566387] raid6: using ssse3x2 recovery algorithm
[    7.576736] xor: automatically using best checksumming function:
[    7.622829]    avx       : 15165.000 MB/sec
[    7.632157] async_tx: api initialized (async)
[    7.666292] md: raid6 personality registered for level 6
[    7.671505] md: raid5 personality registered for level 5
[    7.677863] md: raid4 personality registered for level 4
[    7.691854] md: raid10 personality registered for level 10
done.
Begin: Running /scripts/init-premount ... done.
Begin: Mounting root file system ... Begin: Running /scripts/local-top ... done.
Begin: Running /scripts/local-premount ... [    7.746116] Btrfs loaded
Scanning for Btrfs filesystems
done.
Warning: fsck not present, so skipping root file system
[    7.795619] EXT4-fs (sda1): mounted filesystem with ordered data mode. Opts: (null)
done.
Begin: Running /scripts/local-bottom ... done.
Begin: Running /scripts/init-bottom ... done.
[    7.989510] systemd[1]: systemd 229 running in system mode. (+PAM +AUDIT +SELINUX +IMA +APPARMOR +SMACK +SYSVINIT +UTMP +LIBCRYPTSETUP +GCRYPT +GNUTLS +ACL +XZ -LZ4 +SECCOMP +BLKID +ELFUTILS +KMOD -IDN)
[    8.021688] systemd[1]: Detected virtualization oracle.
[    8.028758] systemd[1]: Detected architecture x86-64.

Welcome to [1mUbuntu 16.04.6 LTS[0m!

[    8.052336] systemd[1]: Set hostname to <ubuntu>.
[    8.059452] systemd[1]: Initializing machine ID from random generator.
[    8.063962] systemd[1]: Installed transient /etc/machine-id file.
[    8.304970] systemd[1]: Listening on Syslog Socket.
[[0;32m  OK  [0m] Listening on Syslog Socket.
[    8.312499] systemd[1]: Started Trigger resolvconf update for networkd DNS.
[[0;32m  OK  [0m] Started Trigger resolvconf update for networkd DNS.
[    8.323661] systemd[1]: Created slice System Slice.
[[0;32m  OK  [0m] Created slice System Slice.
[    8.330532] systemd[1]: Listening on udev Control Socket.
[[0;32m  OK  [0m] Listening on udev Control Socket.
[    8.339731] systemd[1]: Listening on Journal Socket.
[[0;32m  OK  [0m] Listening on Journal Socket.
[    8.362977] systemd[1]: Mounting Huge Pages File System...
         Mounting Huge Pages File System...
[    8.372900] systemd[1]: Starting Remount Root and Kernel File Systems...
         Starting Remount Root and Kernel File Systems...
[    8.384716] systemd[1]: Starting Load Kernel Modules...
    8.388339] EXT4-fs (sda1): re-mounted. Opts: (null)
         Starting Load Kernel Modules...
[    8.399965] systemd[1]: Starting Nameserver information manager...
         Starting Nameserver information manager...
[    8.407549] systemd[1]: Listening on Journal Socket (/dev/log).
[    8.413556] Loading iSCSI transport class v2.0-870.
[[0;32m  OK  [0m] Listening on Journal Socket (/dev/log).
[    8.443903] systemd[1]: Reached target Encrypted Volumes.
[[0;32m  OK  [0m] Reached target Encrypted Volumes.
[    8.465058] systemd[1]: Listening on LVM2 metadata daemon socket.
[    8.472879] iscsi: registered transport (tcp)
[[0;32m  OK  [0m] Listening on LVM2 metadata daemon socket.
[    8.515473] systemd[1]: Mounting POSIX Message Queue File System...
         Mounting POSIX Message Queue File System...
[    8.530972] systemd[1]: Created slice User and Session Slice.
[[0;32m  OK  [0m] Created slice User and Session Slice.
[    8.548802] systemd[1]: Listening on /dev/initctl Compatibility Named Pipe.
[[0;32m  OK  [0m] Listening on /dev/initctl Compatibility Named Pipe.
[    8.566197] systemd[1]: Mounting Debug File System...
         Mounting Debug File System...
[    8.594665] systemd[1]: Starting Uncomplicated firewall...
         Starting Uncomplicated firewall...
[    8.640040] systemd[1]: Reached target User and Group Name Lookups.
[[0;32m  OK  [0m] Reached target User and Group Name Lookups.
[    8.673977] iscsi: registered transport (iser)
[    8.680519] systemd[1]: Created slice system-serial\x2dgetty.slice.
[[0;32m  OK  [0m] Created slice system-serial\x2dgetty.slice.
[    8.691129] systemd[1]: Listening on udev Kernel Socket.
[[0;32m  OK  [0m] Listening on udev Kernel Socket.
[    8.707180] systemd[1]: Listening on Device-mapper event daemon FIFOs.
[[0;32m  OK  [0m] Listening on Device-mapper event daemon FIFOs.
[    8.724168] systemd[1]: Listening on Journal Audit Socket.
[[0;32m  OK  [0m] Listening on Journal Audit Socket.
[    8.735854] systemd[1]: Reached target Slices.
[[0;32m  OK  [0m] Reached target Slices.
[    8.752489] systemd[1]: Reached target System Time Synchronized.
[[0;32m  OK  [0m] Reached target System Time Synchronized.
[    8.783867] systemd[1]: Starting Monitoring of LVM2 mirrors, snapshots etc. using dmeventd or progress polling...
         Starting Monitoring of LVM2 mirrors... dmeventd or progress polling...
[    8.832423] systemd[1]: Starting Journal Service...
         Starting Journal Service...
[    8.856729] random: nonblocking pool is initialized
[    8.881903] systemd[1]: Starting Create list of required static device nodes for the current kernel...
         Starting Create list of required st... nodes for the current kernel...
[    8.903545] systemd[1]: Set up automount Arbitrary Executable File Formats File System Automount Point.
[[0;32m  OK  [0m] Set up automount Arbitrary Executab...ats File System Automount Point.
[    8.933756] systemd[1]: Reached target Swap.
[[0;32m  OK  [0m] Reached target Swap.
[    8.971801] systemd[1]: Listening on LVM2 poll daemon socket.
[[0;32m  OK  [0m] Listening on LVM2 poll daemon socket.
[    9.019188] systemd[1]: Starting Set console keymap...
         Starting Set console keymap...
[    9.038987] systemd[1]: Started Forward Password Requests to Wall Directory Watch.
[[0;32m  OK  [0m] Started Forward Password Requests to Wall Directory Watch.
[    9.066954] systemd[1]: Mounted Huge Pages File System.
[[0;32m  OK  [0m] Mounted Huge Pages File System.
[    9.091368] systemd[1]: Mounted Debug File System.
[[0;32m  OK  [0m] Mounted Debug File System.
[    9.107464] systemd[1]: Mounted POSIX Message Queue File System.
[[0;32m  OK  [0m] Mounted POSIX Message Queue File System.
[    9.123355] systemd[1]: Started Journal Service.
[[0;32m  OK  [0m] Started Journal Service.
[[0;32m  OK  [0m] Started Remount Root and Kernel File Systems.
[[0;32m  OK  [0m] Started Load Kernel Modules.
[[0;32m  OK  [0m] Started Uncomplicated firewall.
[[0;32m  OK  [0m] Started Create list of required sta...ce nodes for the current kernel.
[[0;32m  OK  [0m] Started Set console keymap.
[[0;32m  OK  [0m] Started Nameserver information manager.
[[0;32m  OK  [0m] Started LVM2 metadata daemon.
         Starting Create Static Device Nodes in /dev...
         Starting Apply Kernel Variables...
         Mounting FUSE Control File System...
         Starting udev Coldplug all Devices...
         Starting Load/Save Random Seed...
         Starting Flush Journal to Persistent Storage...
[[0;32m  OK  [0m] Mounted FUSE Control File System.
[[0;32m  OK  [0m] Started Create Static Device Nodes in /dev.
[[0;32m  OK  [0m] Started Apply Kernel Variables.
[[0;32m  OK  [0m] Started Load/Save Random Seed.
[[0;32m  OK  [0m] Started udev Coldplug all Devices.
[[0;32m  OK  [0m] Started Flush Journal to Persistent Storage.
         Starting udev Kernel Device Manager...
[[0;32m  OK  [0m] Started udev Kernel Device Manager.
[[0;32m  OK  [0m] Started Dispatch Password Requests to Console Directory Watch.
[[0;32m  OK  [0m] Started Monitoring of LVM2 mirrors,...ng dmeventd or progress polling.
[[0;32m  OK  [0m] Reached target Local File Systems (Pre).
[[0;32m  OK  [0m] Reached target Local File Systems.
         Starting Set console font and keymap...
         Starting Initial cloud-init job (pre-networking)...
         Starting Tell Plymouth To Write Out Runtime Data...
         Starting Commit a transient machine-id on disk...
         Starting LSB: AppArmor initialization...
         Starting Create Volatile Files and Directories...
[[0;32m  OK  [0m] Started Tell Plymouth To Write Out Runtime Data.
[[0;32m  OK  [0m] Started Commit a transient machine-id on disk.
[[0;32m  OK  [0m] Started Create Volatile Files and Directories.
         Starting Update UTMP about System Boot/Shutdown...
[[0;32m  OK  [0m] Started Update UTMP about System Boot/Shutdown.
[[0;32m  OK  [0m] Found device /dev/ttyS0.
[[0;32m  OK  [0m] Listening on Load/Save RF Kill Switch Status /dev/rfkill Watch.
[[0;32m  OK  [0m] Started LSB: AppArmor initialization.
[   12.001881] cloud-init[489]: Cloud-init v. 19.1-1-gbaa47854-0ubuntu1~16.04.1 running 'init-local' at Thu, 20 Jun 2019 06:20:05 +0000. Up 10.93 seconds.
[[0;32m  OK  [0m] Started Set console font and keymap.
[[0;32m  OK  [0m] Started Initial cloud-init job (pre-networking).
[[0;32m  OK  [0m] Reached target Network (Pre).
         Starting Raise network interfaces...
[[0;32m  OK  [0m] Created slice system-getty.slice.
[[0;32m  OK  [0m] Started Raise network interfaces.
         Starting Initial cloud-init job (metadata service crawler)...
[[0;32m  OK  [0m] Reached target Network.
[   13.846034] cloud-init[965]: Cloud-init v. 19.1-1-gbaa47854-0ubuntu1~16.04.1 running 'init' at Thu, 20 Jun 2019 06:20:07 +0000. Up 13.01 seconds.
[   13.856993] cloud-init[965]: ci-info: ++++++++++++++++++++++++++++++++++++++Net device info++++++++++++++++++++++++++++++++++++++
[   13.863081] cloud-init[965]: ci-info: +--------+-------+---------------------------+---------------+--------+-------------------+
[   13.870940] cloud-init[965]: ci-info: | Device |   Up  |          Address          |      Mask     | Scope  |     Hw-Address    |
[   13.877547] cloud-init[965]: ci-info: +--------+-------+---------------------------+---------------+--------+-------------------+
[   13.884406] cloud-init[965]: ci-info: | enp0s3 |  True |         10.0.2.15         | 255.255.255.0 | global | 02:0c:60:2c:ab:01 |
[   13.891635] cloud-init[965]: ci-info: | enp0s3 |  True | fe80::c:60ff:fe2c:ab01/64 |       .       |  link  | 02:0c:60:2c:ab:01 |
[   13.898256] cloud-init[965]: ci-info: | enp0s8 | False |             .             |       .       |   .    | 08:00:27:16:4b:2f |
[   13.905716] cloud-init[965]: ci-info: |   lo   |  True |         127.0.0.1         |   255.0.0.0   |  host  |         .         |
[   13.916828] cloud-init[965]: ci-info: |   lo   |  True |          ::1/128          |       .       |  host  |         .         |
[   13.929124] [[0;32m  OK  [0m] Started Initial cloud-init job (metadata service crawler).
cloud-init[965]: ci-info: +--------+-------+---------------------------+---------------+--------+-------------------+
[   13.945497] [cloud-init[0;32m  OK  [0m[965]: ] ci-info: +++++++++++++++++++++++++++Route IPv4 info++++++++++++++++++++++++++++Reached target Cloud-config availability.

[   13.947857] [cloud-init[0;32m  OK  [0m[965]: ] ci-info: +-------+-------------+----------+---------------+-----------+-------+Reached target Network is Online.

[   13.956868] cloud-init[965]: ci-info: | Route | Destination | Gateway  |    Genmask    | Interface | Flags |
[   13.968929] cloud-init[965]: ci-info: +-------+-------------+----------+---------------+-----------+-------+
         Starting iSCSI initiator daemon (iscsid)...
[[0;32m  OK  [0m] Reached target System Initialization.
[[0;32m  OK  [0m] Started Daily apt download activities.
[   13.972886] cloud-init[965]: ci-info: |   0   |   0.0.0.0   | 10.0.2.2 |    0.0.0.0    |   enp0s3  |   UG  |
[   13.993116] cloud-init[965]: ci-info: |   1   |   10.0.2.0  | 0.0.0.0  | 255.255.255.0 |   enp0s3  |   U   |
[   14.000303] [[0;32m  OK  [0m] Started ACPI Events Check.
[[0;32m  OK  [0m] Reached target Paths.
cloud-init[965]: ci-info: +-------+-------------+----------+---------------+-----------+-------+
         Starting LXD - unix socket.
[   14.007838] [cloud-init[0;32m  OK  [0m[965]: ] ci-info: +++++++++++++++++++Route IPv6 info+++++++++++++++++++Started Daily Cleanup of Temporary Directories.

[   14.013680] [cloud-init[0;32m  OK  [0m[965]: ] ci-info: +-------+-------------+---------+-----------+-------+Listening on UUID daemon activation socket.

[[0;32m  OK  [0m] Started Daily apt upgrade and clean activities.
[   14.015681] [cloud-init[0;32m  OK  [0m[965]: ] ci-info: | Route | Destination | Gateway | Interface | Flags |Reached target Timers.

[   14.023809]          cloud-initStarting Socket activation for snappy daemon.[965]: 
ci-info: +-------+-------------+---------+-----------+-------+
[   14.028790] [cloud-init[0;32m  OK  [0m[965]: ] ci-info: |   0   |  fe80::/64  |    ::   |   enp0s3  |   U   |Listening on ACPID Listen Socket.

[   14.031219] [cloud-init[0;32m  OK  [0m[965]: ] ci-info: |   3   |   ff00::/8  |    ::   |   enp0s3  |   U   |Listening on D-Bus System Message Bus Socket.

[   14.036353] cloud-init[965]: ci-info: +-------+-------------+---------+-----------+-------+
[   14.044967] cloud-init[965]: Generating public/private rsa key pair.
[   14.047360] cloud-init[965]: Your identification has been saved in /etc/ssh/ssh_host_rsa_key.
[[0;32m  OK  [0m] Listening on LXD - unix socket.
[[0;32m  OK  [0m[   14.051825] ] cloud-initListening on Socket activation for snappy daemon.[965]: 
Your public key has been saved in /etc/ssh/ssh_host_rsa_key.pub.
[   14.065091] cloud-init[965]: The key fingerprint is:
[   14.065481] [cloud-init[0;32m  OK  [0m[965]: ] SHA256:vIfvIFM7q5Zo81wTqeytZWZf1nbPHavAgD5HCuzISW8 root@ubuntu-xenialStarted iSCSI initiator daemon (iscsid).

[   14.065561] cloud-init[965]: The key's randomart image is:
[   14.076012] cloud-init[965]: +---[RSA 2048]----+
[   14.085879] cloud-init[965]: |                 |
[   14.092930] cloud-init[965]: |                 |
[   14.101810] cloud-init[965]: |                 |
[   14.104414] cloud-init[965]: |    .  ...       |
[   14.104885] cloud-init[965]: |   . o .So       |
         Starting Login to default iSCSI targets...
[   14.105422] cloud-init[965]: |  o =.ooo=o  .   |
[[0;32m  OK  [0m] Reached target Sockets.
[   14.117522] cloud-init[965]: |   + E==&..oo o..|
[   14.120788] cloud-init[965]: |    =ooXoO o.. o=|
[   14.121112] [cloud-init[0;32m  OK  [0m[965]: ] |   . +*oo.+  ...+|Reached target Basic System.

[   14.121200] cloud-init[965]: +----[SHA256]-----+
         [   14.133163] Starting Accounts Service...cloud-init
[965]: Generating public/private dsa key pair.
[[0;32m  OK  [0m] Started FUSE filesystem for LXC.
[   14.138389] cloud-init[965]: Your identification has been saved in /etc/ssh/ssh_host_dsa_key.
[[0;32m  OK  [0m] Started Regular background program processing daemon.
[   14.151703] cloud-init[965]: Your public key has been saved in /etc/ssh/ssh_host_dsa_key.pub.
[   14.166292] cloud-init[965]: The key fingerprint is:
[   14.166942] cloud-init[965]:          Starting LXD - container startup/shutdown...SHA256:sBgjx68w52v7sT8Y3rX43NiESZQeLADGPPmR+RnsQp4 root@ubuntu-xenial
[   14.175507] cloud-init[965]: The key's randomart image is:
[   14.180641] cloud-init[965]: +---[DSA 1024]----+
[   14.182593] cloud-init[965]: |   ooo.+         |
[   14.187355] cloud-init[965]: |   o= =.o. .     |
[   14.188889] cloud-init[965]: |  . ==.=.o=      |
[   14.192833] cloud-init[965]: |   o =Eo++ .     |
[   14.195172] 
         Starting LSB: Record successful boot for GRUB...
cloud-init[965]: |  o o o.S o      |
[[0;32m  OK  [0m] Started Deferred execution scheduler.
         Starting Login Service...
[[0;32m  OK  [0m] Started D-Bus System Message Bus.
[   14.205484] cloud-init[965]: |   = ..  ..o     |
[   14.234758] cloud-init[965]: |    o..+ oo..    |
[   14.241342] cloud-init[965]: |    ..oo+..=     |
[   14.248258] cloud-init[965]: |   .ooo..o+ o    |
[   14.253893] cloud-init[965]: +----[SHA256]-----+
[   14.261979] cloud-init[965]: Generating public/private ecdsa key pair.
[   14.270080] cloud-init[965]: Your identification has been saved in /etc/ssh/ssh_host_ecdsa_key.
[   14.274657] cloud-init[965]: Your public key has been saved in /etc/ssh/ssh_host_ecdsa_key.pub.         Starting Snappy daemon...

         Starting LSB: MD monitoring daemon...
         Starting System Logging Service...
         Starting Pollinate to seed the pseudo random number generator...
         Starting /etc/rc.local Compatibility...
[[0;32m  OK  [0m] Started ACPI event daemon.
         Starting Virtualbox guest utils...
[[0;32m  OK  [0m] Started /etc/rc.local Compatibility.
[   14.281629] cloud-init[965]: The key fingerprint is:
[   14.362211] cloud-init[965]: SHA256:Y5asWumq9QqSlXh7CdlCIB+myNTTPBkhr18C1lh4VLs root@ubuntu-xenial
[[0;32m  OK  [0m] Started Login to default iSCSI targets.
[[0;32m  OK  [0m] Started System Logging Service.
[   14.440732] cloud-init[965]: The key's randomart image is:
[   14.534150] cloud-init[965]: +---[ECDSA 256]---+
[   14.545611] cloud-init[965]: |o.+.===.         |
[   14.556358] cloud-init[965]: |== =**  .        |
[   14.559943] [[0;32m  OK  [0m] Started Login Service.
cloud-init[965]: |o.o+oo..         |
[   14.583955] cloud-init[965]: | o.+o  ...       |
[[0;32m  OK  [0m] Started Unattended Upgrades Shutdown.
[   14.605630] cloud-init[965]: |. B... ES        |
[   14.620559] cloud-init[965]: | + +..o= .       |
         Starting Authenticate and Authorize Users to Run Privileged Tasks...
[[0;32m  OK  [0m] Reached target Remote File Systems (Pre).
[[0;32m  OK  [0m] Reached target Remote File Systems.
[   14.638188] cloud-init[965]: |o o +.+          |
[   14.673890] cloud-init[965]: | . + =           |
         Starting LSB: daemon to balance interrupts for SMP systems...
[   14.701945] cloud-init[965]: |  ..+oo          |
[   14.702264]          Starting LSB: automatic crash report generation...
         Starting LSB: Set the CPU Frequency Scaling governor to "ondemand"...cloud-init[965]: +----[SHA256]-----+
[   14.718231] 
         Starting Permit User Sessions...
[[0;32m  OK  [0m] Started LXD - container startup/shutdown.
[[0;32m  OK  [0m] Started LSB: Record successful boot for GRUB.
[[0;32m  OK  [0m] Started LSB: MD monitoring daemon.cloud-init[965]: Generating public/private ed25519 key pair.

[[0;32m  OK  [0m] Started Permit User Sessions.
[[0;32m  OK  [0m] Started Authenticate and Authorize Users to Run Privileged Tasks.
[   14.750678] cloud-init[965]: Your identification has been saved in /etc/ssh/ssh_host_ed25519_key.[[0;32m  OK  [0m] Started Accounts Service.

[   14.803901] cloud-init[965]: Your public key has been saved in /etc/ssh/ssh_host_ed25519_key.pub.
[   14.823542] cloud-init[965]: The key fingerprint is:         Starting Terminate Plymouth Boot Screen...
         Starting Hold until boot process finishes up...
[[0;32m  OK  [0m] Started LSB: daemon to balance interrupts for SMP systems.
[[0;32m  OK  [0m] Started Terminate Plymouth Boot Screen.
[[0;32m  OK  [0m] Started Hold until boot process finishes up.

[   14.908377] cloud-init[965]: SHA256:gbd7hARrrcwvZ9/EGVFaAnLyqpQuSyc/uiwyW2xMgL4 root@ubuntu-xenial
[[0;32m  OK  [0m] Started LSB: Set the CPU Frequency Scaling governor to "ondemand".
[   14.921644] [[0;32m  OK  [0m] Started Virtualbox guest utils.
cloud-init[965]: The key's randomart image is:
[   14.937110] cloud-init[965]: +--[ED25519 256]--+
[[0;32m  OK  [0m] Started LSB: automatic crash report generation.
[   14.942487] cloud-init[965]: |      . o o.. o  |
[   14.946588] cloud-init[965]: |.      = =   =   |
[   14.980907] [cloud-init[0;32m  OK  [0m[965]: ] |o     + = . o    |Started Getty on tty1.

[   14.987424] cloud-init[965]: |..   + = =   .   |
[   14.992217] [[0;32m  OK  [0m] Started Serial Getty on ttyS0.
[[0;32m  OK  [0m] Reached target Login Prompts.
cloud-init[965]: | ..   * S . .    |
[   14.999286]          cloud-initStarting Set console scheme...[965]: 
| +.  o o o . o   |
[   15.012609] cloud-init[965]: | E= + = = . +    |
[   15.014287] cloud-init[965]: |oo.o *.+ o o     |
[[0;32m  OK  [0m] Started Set console scheme.
[[0;32m  OK  [0m] Started Snappy daemon.
[   15.019568] cloud-init[965]: |.+ .=o..  . .    |
[   15.036812] cloud-init[965]: +----[SHA256]-----+
         Starting Wait until snapd is fully seeded...
[[0;32m  OK  [0m] Started Pollinate to seed the pseudo random number generator.
         Starting OpenBSD Secure Shell server...
[[0;32m  OK  [0m] Started OpenBSD Secure Shell server.
[[0;32m  OK  [0m] Started Wait until snapd is fully seeded.
         Starting Apply the settings specified in cloud-config...
[[0;32m  OK  [0m] Reached target Multi-User System.
[[0;32m  OK  [0m] Reached target Graphical Interface.
         Starting Update UTMP about System Runlevel Changes...
[[0;32m  OK  [0m] Started Update UTMP about System Runlevel Changes.
[[0;32m  OK  [0m] Created slice User Slice of vagrant.
         Starting User Manager for UID 1000...
[[0;32m  OK  [0m] Started Session 1 of user vagrant.
[[0;32m  OK  [0m] Started User Manager for UID 1000.
[   16.860428] cloud-init[1307]: Generating locales (this might take a while)...
[   18.627634] cloud-init[1307]:   en_US.UTF-8... done
[   18.631135] cloud-init[1307]: Generation complete.
[   19.214632] cloud-init[1307]: Cloud-init v. 19.1-1-gbaa47854-0ubuntu1~16.04.1 running 'modules:config' at Thu, 20 Jun 2019 06:20:11 +0000. Up 16.62 seconds.
[[0;32m  OK  [0m] Started Apply the settings specified in cloud-config.
         Starting Execute cloud user/final scripts...
         Stopping User Manager for UID 1000...
[[0;32m  OK  [0m] Stopped User Manager for UID 1000.
[[0;32m  OK  [0m] Removed slice User Slice of vagrant.
ci-info: no authorized ssh keys fingerprints found for user ubuntu.
<14>Jun 20 06:20:15 ec2: 
<14>Jun 20 06:20:15 ec2: #############################################################
<14>Jun 20 06:20:15 ec2: -----BEGIN SSH HOST KEY FINGERPRINTS-----
<14>Jun 20 06:20:15 ec2: 1024 SHA256:sBgjx68w52v7sT8Y3rX43NiESZQeLADGPPmR+RnsQp4 root@ubuntu-xenial (DSA)
<14>Jun 20 06:20:15 ec2: 256 SHA256:Y5asWumq9QqSlXh7CdlCIB+myNTTPBkhr18C1lh4VLs root@ubuntu-xenial (ECDSA)
<14>Jun 20 06:20:15 ec2: 256 SHA256:gbd7hARrrcwvZ9/EGVFaAnLyqpQuSyc/uiwyW2xMgL4 root@ubuntu-xenial (ED25519)
<14>Jun 20 06:20:15 ec2: 2048 SHA256:vIfvIFM7q5Zo81wTqeytZWZf1nbPHavAgD5HCuzISW8 root@ubuntu-xenial (RSA)
<14>Jun 20 06:20:15 ec2: -----END SSH HOST KEY FINGERPRINTS-----
<14>Jun 20 06:20:15 ec2: #############################################################
-----BEGIN SSH HOST KEY KEYS-----
ecdsa-sha2-nistp256 AAAAE2VjZHNhLXNoYTItbmlzdHAyNTYAAAAIbmlzdHAyNTYAAABBBBUCshyqvm7Y7CI0swldGIqD5hMDRdJpYHAhyuXTYEPYHVvSsVITmBNP2IPe9XoqDOP1+nikCggjm1cFUJ6G5nw= root@ubuntu-xenial
ssh-ed25519 AAAAC3NzaC1lZDI1NTE5AAAAICx8efCc4gQ7TqUFgKpM+Qy9hCt0wIPmAE4PnoU98Cyi root@ubuntu-xenial
ssh-rsa AAAAB3NzaC1yc2EAAAADAQABAAABAQCefdVFLOYzWZOv88yHBPd/IZBDdsMrNeR0pp7a6pXwDZKS6jBMVBhRXwJHMLNoMPVH9yzpWMWlvccJy9JZtpzV3T8wPf4BqXJGLMC4jUFxoZICgYuzvWxM0FFkJfFw0lKuXQyM3tAaeMQvnnQD54qwyQzujkp8oOBdiYFHRJAKLEv29Ba7BGvN0lPBx/ws9xX7LtJ1FaKD2O3MTPK069D8J/E9ES5IZnP9uIrBof1Gk2js3eZEKNB6x/HrvPoEnwWkxduka6eJq1xYTtD7lJOgJL6G3XTbsZQX7+DXn5iRvg8VYrVaQm5KkpnrrGJgm8LElui3E6v35QX6qkIPFalF root@ubuntu-xenial
-----END SSH HOST KEY KEYS-----
[   20.471365] cloud-init[1512]: Cloud-init v. 19.1-1-gbaa47854-0ubuntu1~16.04.1 running 'modules:final' at Thu, 20 Jun 2019 06:20:15 +0000. Up 20.23 seconds.
[   20.488083] cloud-init[1512]: ci-info: no authorized ssh keys fingerprints found for user ubuntu.
[   20.496103] cloud-init[1512]: Cloud-init v. 19.1-1-gbaa47854-0ubuntu1~16.04.1 finished at Thu, 20 Jun 2019 06:20:15 +0000. Datasource DataSourceNoCloud [seed=/dev/sdb][dsmode=net].  Up 20.45 seconds

Ubuntu 16.04.6 LTS ubuntu-xenial ttyS0

ubuntu-xenial login: 