[    0.000000] Initializing cgroup subsys cpuset
[    0.000000] Initializing cgroup subsys cpu
[    0.000000] Initializing cgroup subsys cpuacct
[    0.000000] Linux version 4.4.0-151-generic (buildd@lgw01-amd64-043) (gcc version 5.4.0 20160609 (Ubuntu 5.4.0-6ubuntu1~16.04.10) ) #178-Ubuntu SMP Tue Jun 11 08:30:22 UTC 2019 (Ubuntu 4.4.0-151.178-generic 4.4.179)
[    0.000000] Command line: BOOT_IMAGE=/boot/vmlinuz-4.4.0-151-generic root=LABEL=cloudimg-rootfs ro console=tty1 console=ttyS0
[    0.000000] KERNEL supported cpus:
[    0.000000]   Intel GenuineIntel
[    0.000000]   AMD AuthenticAMD
[    0.000000]   Centaur CentaurHauls
[    0.000000] x86/fpu: xstate_offset[2]:  576, xstate_sizes[2]:  256
[    0.000000] x86/fpu: Supporting XSAVE feature 0x01: 'x87 floating point registers'
[    0.000000] x86/fpu: Supporting XSAVE feature 0x02: 'SSE registers'
[    0.000000] x86/fpu: Supporting XSAVE feature 0x04: 'AVX registers'
[    0.000000] x86/fpu: Enabled xstate features 0x7, context size is 832 bytes, using 'standard' format.
[    0.000000] e820: BIOS-provided physical RAM map:
[    0.000000] BIOS-e820: [mem 0x0000000000000000-0x000000000009fbff] usable
[    0.000000] BIOS-e820: [mem 0x000000000009fc00-0x000000000009ffff] reserved
[    0.000000] BIOS-e820: [mem 0x00000000000f0000-0x00000000000fffff] reserved
[    0.000000] BIOS-e820: [mem 0x0000000000100000-0x000000007ffeffff] usable
[    0.000000] BIOS-e820: [mem 0x000000007fff0000-0x000000007fffffff] ACPI data
[    0.000000] BIOS-e820: [mem 0x00000000fec00000-0x00000000fec00fff] reserved
[    0.000000] BIOS-e820: [mem 0x00000000fee00000-0x00000000fee00fff] reserved
[    0.000000] BIOS-e820: [mem 0x00000000fffc0000-0x00000000ffffffff] reserved
[    0.000000] NX (Execute Disable) protection: active
[    0.000000] SMBIOS 2.5 present.
[    0.000000] Hypervisor detected: KVM
[    0.000000] e820: last_pfn = 0x7fff0 max_arch_pfn = 0x400000000
[    0.000000] MTRR: Disabled
[    0.000000] x86/PAT: MTRRs disabled, skipping PAT initialization too.
[    0.000000] CPU MTRRs all blank - virtualized system.
[    0.000000] x86/PAT: Configuration [0-7]: WB  WT  UC- UC  WB  WT  UC- UC  
[    0.000000] found SMP MP-table at [mem 0x0009fff0-0x0009ffff] mapped at [ffff88000009fff0]
[    0.000000] Scanning 1 areas for low memory corruption
[    0.000000] RAMDISK: [mem 0x362f6000-0x37172fff]
[    0.000000] ACPI: Early table checksum verification disabled
[    0.000000] ACPI: RSDP 0x00000000000E0000 000024 (v02 VBOX  )
[    0.000000] ACPI: XSDT 0x000000007FFF0030 00003C (v01 VBOX   VBOXXSDT 00000001 ASL  00000061)
[    0.000000] ACPI: FACP 0x000000007FFF00F0 0000F4 (v04 VBOX   VBOXFACP 00000001 ASL  00000061)
[    0.000000] ACPI: DSDT 0x000000007FFF0470 0022EA (v02 VBOX   VBOXBIOS 00000002 INTL 20100528)
[    0.000000] ACPI: FACS 0x000000007FFF0200 000040
[    0.000000] ACPI: FACS 0x000000007FFF0200 000040
[    0.000000] ACPI: APIC 0x000000007FFF0240 00005C (v02 VBOX   VBOXAPIC 00000001 ASL  00000061)
[    0.000000] ACPI: SSDT 0x000000007FFF02A0 0001CC (v01 VBOX   VBOXCPUT 00000002 INTL 20100528)
[    0.000000] No NUMA configuration found
[    0.000000] Faking a node at [mem 0x0000000000000000-0x000000007ffeffff]
[    0.000000] NODE_DATA(0) allocated [mem 0x7ffeb000-0x7ffeffff]
[    0.000000] kvm-clock: Using msrs 4b564d01 and 4b564d00
[    0.000000] kvm-clock: cpu 0, msr 0:7ffe3001, primary cpu clock
[    0.000000] kvm-clock: using sched offset of 5888559584 cycles
[    0.000000] clocksource: kvm-clock: mask: 0xffffffffffffffff max_cycles: 0x1cd42e4dffb, max_idle_ns: 881590591483 ns
[    0.000000] Zone ranges:
[    0.000000]   DMA      [mem 0x0000000000001000-0x0000000000ffffff]
[    0.000000]   DMA32    [mem 0x0000000001000000-0x000000007ffeffff]
[    0.000000]   Normal   empty
[    0.000000]   Device   empty
[    0.000000] Movable zone start for each node
[    0.000000] Early memory node ranges
[    0.000000]   node   0: [mem 0x0000000000001000-0x000000000009efff]
[    0.000000]   node   0: [mem 0x0000000000100000-0x000000007ffeffff]
[    0.000000] Initmem setup node 0 [mem 0x0000000000001000-0x000000007ffeffff]
[    0.000000] ACPI: PM-Timer IO Port: 0x4008
[    0.000000] IOAPIC[0]: apic_id 2, version 32, address 0xfec00000, GSI 0-23
[    0.000000] ACPI: INT_SRC_OVR (bus 0 bus_irq 0 global_irq 2 dfl dfl)
[    0.000000] ACPI: INT_SRC_OVR (bus 0 bus_irq 9 global_irq 9 low level)
[    0.000000] Using ACPI (MADT) for SMP configuration information
[    0.000000] smpboot: Allowing 2 CPUs, 0 hotplug CPUs
[    0.000000] PM: Registered nosave memory: [mem 0x00000000-0x00000fff]
[    0.000000] PM: Registered nosave memory: [mem 0x0009f000-0x0009ffff]
[    0.000000] PM: Registered nosave memory: [mem 0x000a0000-0x000effff]
[    0.000000] PM: Registered nosave memory: [mem 0x000f0000-0x000fffff]
[    0.000000] e820: [mem 0x80000000-0xfebfffff] available for PCI devices
[    0.000000] Booting paravirtualized kernel on KVM
[    0.000000] clocksource: refined-jiffies: mask: 0xffffffff max_cycles: 0xffffffff, max_idle_ns: 7645519600211568 ns
[    0.000000] setup_percpu: NR_CPUS:512 nr_cpumask_bits:512 nr_cpu_ids:2 nr_node_ids:1
[    0.000000] PERCPU: Embedded 34 pages/cpu @ffff88007fc00000 s99480 r8192 d31592 u1048576
[    0.000000] Built 1 zonelists in Node order, mobility grouping on.  Total pages: 515960
[    0.000000] Policy zone: DMA32
[    0.000000] Kernel command line: BOOT_IMAGE=/boot/vmlinuz-4.4.0-151-generic root=LABEL=cloudimg-rootfs ro console=tty1 console=ttyS0
[    0.000000] PID hash table entries: 4096 (order: 3, 32768 bytes)
[    0.000000] Memory: 2029916K/2096696K available (8613K kernel code, 1335K rwdata, 4028K rodata, 1484K init, 1284K bss, 66780K reserved, 0K cma-reserved)
[    0.000000] SLUB: HWalign=64, Order=0-3, MinObjects=0, CPUs=2, Nodes=1
[    0.000000] Kernel/User page tables isolation: enabled
[    0.000000] Hierarchical RCU implementation.
[    0.000000] 	Build-time adjustment of leaf fanout to 64.
[    0.000000] 	RCU restricting CPUs from NR_CPUS=512 to nr_cpu_ids=2.
[    0.000000] RCU: Adjusting geometry for rcu_fanout_leaf=64, nr_cpu_ids=2
[    0.000000] NR_IRQS:33024 nr_irqs:440 16
[    0.000000] Console: colour VGA+ 80x25
[    0.000000] console [tty1] enabled
[    0.000000] console [ttyS0] enabled
[    0.000000] tsc: Detected 2494.316 MHz processor
[    0.510195] Calibrating delay loop (skipped) preset value.. 4988.63 BogoMIPS (lpj=9977264)
[    0.513736] pid_max: default: 32768 minimum: 301
[    0.516049] ACPI: Core revision 20150930
[    0.519017] ACPI: 2 ACPI AML tables successfully acquired and loaded
[    0.524543] Security Framework initialized
[    0.526932] Yama: becoming mindful.
[    0.529430] AppArmor: AppArmor initialized
[    0.534087] Dentry cache hash table entries: 262144 (order: 9, 2097152 bytes)
[    0.541471] Inode-cache hash table entries: 131072 (order: 8, 1048576 bytes)
[    0.552301] Mount-cache hash table entries: 4096 (order: 3, 32768 bytes)
[    0.560792] Mountpoint-cache hash table entries: 4096 (order: 3, 32768 bytes)
[    0.572991] Initializing cgroup subsys io
[    0.578201] Initializing cgroup subsys memory
[    0.582896] Initializing cgroup subsys devices
[    0.586539] Initializing cgroup subsys freezer
[    0.590492] Initializing cgroup subsys net_cls
[    0.597852] Initializing cgroup subsys perf_event
[    0.611800] Initializing cgroup subsys net_prio
[    0.619359] Initializing cgroup subsys hugetlb
[    0.627166] Initializing cgroup subsys pids
[    0.635063] mce: CPU supports 0 MCE banks
[    0.639320] Last level iTLB entries: 4KB 512, 2MB 8, 4MB 8
[    0.649229] Last level dTLB entries: 4KB 512, 2MB 32, 4MB 32, 1GB 0
[    0.660076] Spectre V2 : Mitigation: Full generic retpoline
[    0.665738] Spectre V2 : Spectre v2 / SpectreRSB mitigation: Filling RSB on context switch
[    0.678590] Speculative Store Bypass: Vulnerable
[    0.685018] MDS: Vulnerable: Clear CPU buffers attempted, no microcode
[    0.700377] Freeing SMP alternatives memory: 36K
[    0.717341] ftrace: allocating 32299 entries in 127 pages
[    0.815788] smpboot: APIC(0) Converting physical 0 to logical package 0
[    0.819256] smpboot: Max logical packages: 1
[    0.821741] x2apic enabled
[    0.823653] Switched APIC routing to physical x2apic.
[    0.830531] ..TIMER: vector=0x30 apic1=0 pin1=2 apic2=-1 pin2=-1
[    0.940163] smpboot: CPU0: Intel(R) Core(TM) i5-3210M CPU @ 2.50GHz (family: 0x6, model: 0x3a, stepping: 0x9)
[    0.945497] Performance Events: unsupported p6 CPU model 58 no PMU driver, software events only.
[    0.963649] KVM setup paravirtual spinlock
[    0.968209] x86: Booting SMP configuration:
[    0.970057] .... node  #0, CPUs:      #1
[    0.972513] kvm-clock: cpu 1, msr 0:7ffe3041, secondary cpu clock
[    0.975178] mce: CPU supports 0 MCE banks
[    0.978662] x86: Booted up 1 node, 2 CPUs
[    0.980932] smpboot: Total of 2 processors activated (9977.26 BogoMIPS)
[    0.985119] devtmpfs: initialized
[    0.988976] evm: security.selinux
[    0.991633] evm: security.SMACK64
[    0.993765] evm: security.SMACK64EXEC
[    0.996190] evm: security.SMACK64TRANSMUTE
[    0.998512] evm: security.SMACK64MMAP
[    1.000288] evm: security.ima
[    1.001597] evm: security.capability
[    1.003549] clocksource: jiffies: mask: 0xffffffff max_cycles: 0xffffffff, max_idle_ns: 7645041785100000 ns
[    1.008668] futex hash table entries: 512 (order: 3, 32768 bytes)
[    1.011782] pinctrl core: initialized pinctrl subsystem
[    1.014074] RTC time: 14:30:36, date: 07/10/19
[    1.016274] NET: Registered protocol family 16
[    1.028453] cpuidle: using governor ladder
[    1.040416] cpuidle: using governor menu
[    1.042862] PCCT header not found.
[    1.044796] ACPI: bus type PCI registered
[    1.046473] acpiphp: ACPI Hot Plug PCI Controller Driver version: 0.5
[    1.049678] PCI: Using configuration type 1 for base access
[    1.065489] ACPI: Added _OSI(Module Device)
[    1.067369] ACPI: Added _OSI(Processor Device)
[    1.069660] ACPI: Added _OSI(3.0 _SCP Extensions)
[    1.072571] ACPI: Added _OSI(Processor Aggregator Device)
[    1.076537] ACPI: Executed 1 blocks of module-level executable AML code
[    1.082162] ACPI: Interpreter enabled
[    1.083876] ACPI: (supports S0 S5)
[    1.086145] ACPI: Using IOAPIC for interrupt routing
[    1.088906] PCI: Using host bridge windows from ACPI; if necessary, use "pci=nocrs" and report a bug
[    1.101999] ACPI: PCI Root Bridge [PCI0] (domain 0000 [bus 00-ff])
[    1.105411] acpi PNP0A03:00: _OSC: OS supports [ASPM ClockPM Segments MSI]
[    1.109651] acpi PNP0A03:00: _OSC: not requesting OS control; OS requires [ExtendedConfig ASPM ClockPM MSI]
[    1.115908] acpi PNP0A03:00: fail to add MMCONFIG information, can't access extended PCI configuration space under this bridge.
[    1.123243] PCI host bridge to bus 0000:00
[    1.126067] pci_bus 0000:00: root bus resource [io  0x0000-0x0cf7 window]
[    1.129581] pci_bus 0000:00: root bus resource [io  0x0d00-0xffff window]
[    1.133062] pci_bus 0000:00: root bus resource [mem 0x000a0000-0x000bffff window]
[    1.136834] pci_bus 0000:00: root bus resource [mem 0x80000000-0xfdffffff window]
[    1.140539] pci_bus 0000:00: root bus resource [bus 00-ff]
[    1.149013] pci 0000:00:01.1: legacy IDE quirk: reg 0x10: [io  0x01f0-0x01f7]
[    1.152807] pci 0000:00:01.1: legacy IDE quirk: reg 0x14: [io  0x03f6]
[    1.155872] pci 0000:00:01.1: legacy IDE quirk: reg 0x18: [io  0x0170-0x0177]
[    1.160727] pci 0000:00:01.1: legacy IDE quirk: reg 0x1c: [io  0x0376]
[    1.203252] pci 0000:00:07.0: quirk: [io  0x4000-0x403f] claimed by PIIX4 ACPI
[    1.220552] pci 0000:00:07.0: quirk: [io  0x4100-0x410f] claimed by PIIX4 SMB
[    1.251424] ACPI: PCI Interrupt Link [LNKA] (IRQs 5 9 10 *11)
[    1.254993] ACPI: PCI Interrupt Link [LNKB] (IRQs 5 9 *10 11)
[    1.259336] ACPI: PCI Interrupt Link [LNKC] (IRQs 5 *9 10 11)
[    1.262868] ACPI: PCI Interrupt Link [LNKD] (IRQs 5 9 10 *11)
[    1.267074] ACPI: Enabled 2 GPEs in block 00 to 07
[    1.269838] vgaarb: setting as boot device: PCI:0000:00:02.0
[    1.273093] vgaarb: device added: PCI:0000:00:02.0,decodes=io+mem,owns=io+mem,locks=none
[    1.277163] vgaarb: loaded
[    1.278987] vgaarb: bridge control possible 0000:00:02.0
[    1.282182] SCSI subsystem initialized
[    1.285121] ACPI: bus type USB registered
[    1.287636] usbcore: registered new interface driver usbfs
[    1.292608] usbcore: registered new interface driver hub
[    1.298230] usbcore: registered new device driver usb
[    1.300867] PCI: Using ACPI for IRQ routing
[    1.303366] NetLabel: Initializing
[    1.305176] NetLabel:  domain hash size = 128
[    1.307541] NetLabel:  protocols = UNLABELED CIPSOv4
[    1.310344] NetLabel:  unlabeled traffic allowed by default
[    1.313409] amd_nb: Cannot enumerate AMD northbridges
[    1.316900] clocksource: Switched to clocksource kvm-clock
[    1.330887] AppArmor: AppArmor Filesystem Enabled
[    1.333255] pnp: PnP ACPI init
[    1.336579] pnp: PnP ACPI: found 3 devices
[    1.352655] clocksource: acpi_pm: mask: 0xffffff max_cycles: 0xffffff, max_idle_ns: 2085701024 ns
[    1.358159] NET: Registered protocol family 2
[    1.360429] TCP established hash table entries: 16384 (order: 5, 131072 bytes)
[    1.363666] TCP bind hash table entries: 16384 (order: 6, 262144 bytes)
[    1.366280] TCP: Hash tables configured (established 16384 bind 16384)
[    1.368953] UDP hash table entries: 1024 (order: 3, 32768 bytes)
[    1.371356] UDP-Lite hash table entries: 1024 (order: 3, 32768 bytes)
[    1.374052] NET: Registered protocol family 1
[    1.375847] pci 0000:00:00.0: Limiting direct PCI/PCI transfers
[    1.378332] pci 0000:00:01.0: Activating ISA DMA hang workarounds
[    1.381367] Unpacking initramfs...
[    1.681820] Freeing initrd memory: 14836K
[    1.683995] RAPL PMU detected, API unit is 2^-32 Joules, 3 fixed counters 10737418240 ms ovfl timer
[    1.687823] hw unit of domain pp0-core 2^-0 Joules
[    1.690603] hw unit of domain package 2^-0 Joules
[    1.693648] hw unit of domain pp1-gpu 2^-0 Joules
[    1.695789] clocksource: tsc: mask: 0xffffffffffffffff max_cycles: 0x23f4406cc0d, max_idle_ns: 440795293671 ns
[    1.700684] platform rtc_cmos: registered platform RTC device (no PNP device found)
[    1.704151] Scanning for low memory corruption every 60 seconds
[    1.707267] audit: initializing netlink subsys (disabled)
[    1.709758] audit: type=2000 audit(1562769044.015:1): initialized
[    1.712462] Initialise system trusted keyring
[    1.714642] HugeTLB registered 2 MB page size, pre-allocated 0 pages
[    1.718950] zbud: loaded
[    1.720609] VFS: Disk quotas dquot_6.6.0
[    1.724529] VFS: Dquot-cache hash table entries: 512 (order 0, 4096 bytes)
[    1.730638] squashfs: version 4.0 (2009/01/31) Phillip Lougher
[    1.733627] fuse init (API version 7.23)
[    1.735445] Key type big_key registered
[    1.737698] Allocating IMA MOK and blacklist keyrings.
[    1.742702] Key type asymmetric registered
[    1.744609] Asymmetric key parser 'x509' registered
[    1.746953] Block layer SCSI generic (bsg) driver version 0.4 loaded (major 249)
[    1.750746] io scheduler noop registered
[    1.752453] io scheduler deadline registered (default)
[    1.754722] io scheduler cfq registered
[    1.757334] pci_hotplug: PCI Hot Plug PCI Core version: 0.5
[    1.759753] pciehp: PCI Express Hot Plug Controller Driver version: 0.4
[    1.763069] ACPI: AC Adapter [AC] (on-line)
[    1.765595] input: Power Button as /devices/LNXSYSTM:00/LNXPWRBN:00/input/input0
[    1.768954] ACPI: Power Button [PWRF]
[    1.770858] input: Sleep Button as /devices/LNXSYSTM:00/LNXSLPBN:00/input/input1
[    1.774805] ACPI: Sleep Button [SLPF]
[    1.779673] ACPI: Battery Slot [BAT0] (battery present)
[    1.782562] GHES: HEST is not enabled!
[    1.784337] Serial: 8250/16550 driver, 32 ports, IRQ sharing enabled
[    1.810424] 00:02: ttyS0 at I/O 0x3f8 (irq = 4, base_baud = 115200) is a 16550A
[    1.816282] Linux agpgart interface v0.103
[    1.826258] loop: module loaded
[    1.830483] scsi host0: ata_piix
[    1.834020] scsi host1: ata_piix
[    1.836768] ata1: PATA max UDMA/33 cmd 0x1f0 ctl 0x3f6 bmdma 0xd000 irq 14
[    1.842168] ata2: PATA max UDMA/33 cmd 0x170 ctl 0x376 bmdma 0xd008 irq 15
[    1.847711] libphy: Fixed MDIO Bus: probed
[    1.851521] tun: Universal TUN/TAP device driver, 1.6
[    1.857280] tun: (C) 1999-2004 Max Krasnyansky <maxk@qualcomm.com>
[    1.863226] PPP generic driver version 2.4.2
[    1.867499] ehci_hcd: USB 2.0 'Enhanced' Host Controller (EHCI) Driver
[    1.873190] ehci-pci: EHCI PCI platform driver
[    1.877358] ehci-platform: EHCI generic platform driver
[    1.881557] ohci_hcd: USB 1.1 'Open' Host Controller (OHCI) Driver
[    1.886537] ohci-pci: OHCI PCI platform driver
[    1.899305] ohci-platform: OHCI generic platform driver
[    1.905001] uhci_hcd: USB Universal Host Controller Interface driver
[    1.912973] i8042: PNP: PS/2 Controller [PNP0303:PS2K,PNP0f03:PS2M] at 0x60,0x64 irq 1,12
[    1.922253] serio: i8042 KBD port at 0x60,0x64 irq 1
[    1.927428] serio: i8042 AUX port at 0x60,0x64 irq 12
[    1.931643] mousedev: PS/2 mouse device common for all mice
[    1.938896] rtc_cmos rtc_cmos: rtc core: registered rtc_cmos as rtc0
[    1.945122] rtc_cmos rtc_cmos: alarms up to one day, 114 bytes nvram
[    1.951740] i2c /dev entries driver
[    1.954570] input: AT Translated Set 2 keyboard as /devices/platform/i8042/serio0/input/input2
[    1.962722] device-mapper: uevent: version 1.0.3
[    1.967345] device-mapper: ioctl: 4.34.0-ioctl (2015-10-28) initialised: dm-devel@redhat.com
[    1.974099] ledtrig-cpu: registered to indicate activity on CPUs
[    1.977224] NET: Registered protocol family 10
[    1.979453] NET: Registered protocol family 17
[    1.981324] Key type dns_resolver registered
[    1.984026] registered taskstats version 1
[    1.987033] Loading compiled-in X.509 certificates
[    1.991573] Loaded X.509 cert 'Build time autogenerated kernel key: 7ba2dee60acc6d70f0ebdb64460d59d2cf8df5ff'
[    1.995994] zswap: loaded using pool lzo/zbud
[    2.001134] Key type trusted registered
[    2.007491] Key type encrypted registered
[    2.009630] AppArmor: AppArmor sha1 policy hashing enabled
[    2.011798] ima: No TPM chip found, activating TPM-bypass!
[    2.014020] ima: Allocated hash algorithm: sha1
[    2.015902] evm: HMAC attrs: 0x1
[    2.018216]   Magic number: 11:718:535
[    2.020346] tty ttyS15: hash matches
[    2.022296] rtc_cmos rtc_cmos: setting system clock to 2019-07-10 14:30:37 UTC (1562769037)
[    2.026737] BIOS EDD facility v0.16 2004-Jun-25, 0 devices found
[    2.029844] EDD information not available.
[    2.033574] Freeing unused kernel memory: 1484K
[    2.045621] Write protecting the kernel read-only data: 14336k
[    2.048758] Freeing unused kernel memory: 1616K
[    2.051140] Freeing unused kernel memory: 68K
Loading, please wait...
starting version 229
[    2.071928] random: systemd-udevd: uninitialized urandom read (16 bytes read, 3 bits of entropy available)
[    2.072768] random: udevadm: uninitialized urandom read (16 bytes read, 3 bits of entropy available)
[    2.072795] random: udevadm: uninitialized urandom read (16 bytes read, 3 bits of entropy available)
[    2.087289] random: systemd-udevd: uninitialized urandom read (16 bytes read, 3 bits of entropy available)
[    2.088472] random: udevadm: uninitialized urandom read (16 bytes read, 3 bits of entropy available)
[    2.088559] random: udevadm: uninitialized urandom read (16 bytes read, 3 bits of entropy available)
[    2.089193] random: udevadm: uninitialized urandom read (16 bytes read, 3 bits of entropy available)
[    2.089574] random: udevadm: uninitialized urandom read (16 bytes read, 3 bits of entropy available)
[    2.089698] random: udevadm: uninitialized urandom read (16 bytes read, 3 bits of entropy available)
[    2.089816] random: udevadm: uninitialized urandom read (16 bytes read, 3 bits of entropy available)
[    2.200190] Fusion MPT base driver 3.04.20
[    2.202897] Copyright (c) 1999-2008 LSI Corporation
[    2.221354] e1000: Intel(R) PRO/1000 Network Driver - version 7.3.21-k8-NAPI
[    2.227629] e1000: Copyright (c) 1999-2006 Intel Corporation.
[    2.244783] Fusion MPT SPI Host driver 3.04.20
[    2.276823] AVX version of gcm_enc/dec engaged.
[    2.278865] AES CTR mode by8 optimization enabled
[    2.423775] input: ImExPS/2 Generic Explorer Mouse as /devices/platform/i8042/serio1/input/input4
[    2.769624] e1000 0000:00:03.0 eth0: (PCI:33MHz:32-bit) 02:0c:60:2c:ab:01
[    2.773329] e1000 0000:00:03.0 eth0: Intel(R) PRO/1000 Network Connection
[    2.777908] mptbase: ioc0: Initiating bringup
[    3.079993] ioc0: LSI53C1030 A0: Capabilities={Initiator}
[    3.652021] scsi host2: ioc0: LSI53C1030 A0, FwRev=00000000h, Ports=1, MaxQ=256, IRQ=20
[    4.769578] scsi 2:0:0:0: Direct-Access     VBOX     HARDDISK         1.0  PQ: 0 ANSI: 5
[    4.773406] scsi target2:0:0: Beginning Domain Validation
[    4.777741] scsi target2:0:0: Domain Validation skipping write tests
[    4.780270] scsi target2:0:0: Ending Domain Validation
[    4.782575] scsi target2:0:0: asynchronous
[    4.785314] scsi 2:0:1:0: Direct-Access     VBOX     HARDDISK         1.0  PQ: 0 ANSI: 5
[    4.802303] scsi target2:0:1: Beginning Domain Validation
[    4.806906] scsi target2:0:1: Domain Validation skipping write tests
[    4.810637] scsi target2:0:1: Ending Domain Validation
[    4.813846] scsi target2:0:1: asynchronous
[    4.838085] sd 2:0:0:0: Attached scsi generic sg0 type 0
[    4.841551] sd 2:0:0:0: [sda] 20971520 512-byte logical blocks: (10.7 GB/10.0 GiB)
[    4.846953] sd 2:0:1:0: [sdb] 20480 512-byte logical blocks: (10.5 MB/10.0 MiB)
[    4.851573] sd 2:0:1:0: Attached scsi generic sg1 type 0
[    4.855811] sd 2:0:1:0: [sdb] Write Protect is off
[    4.859122] sd 2:0:0:0: [sda] Write Protect is off
[    4.862191] sd 2:0:0:0: [sda] Incomplete mode parameter data
[    4.865988] sd 2:0:0:0: [sda] Assuming drive cache: write through
[    4.869596] sd 2:0:1:0: [sdb] Incomplete mode parameter data
[    4.871887] sd 2:0:1:0: [sdb] Assuming drive cache: write through
[    4.879522]  sda: sda1
[    4.882903] sd 2:0:1:0: [sdb] Attached SCSI disk
[    4.886652] sd 2:0:0:0: [sda] Attached SCSI disk
[    5.302265] e1000 0000:00:08.0 eth1: (PCI:33MHz:32-bit) 08:00:27:6d:c6:3c
[    5.305166] e1000 0000:00:08.0 eth1: Intel(R) PRO/1000 Network Connection
[    5.311517] e1000 0000:00:03.0 enp0s3: renamed from eth0
[    5.340741] e1000 0000:00:08.0 enp0s8: renamed from eth1
Begin: Loading essential drivers ... [    6.816166] md: linear personality registered for level -1
[    6.822443] md: multipath personality registered for level -4
[    6.828743] md: raid0 personality registered for level 0
[    6.837368] md: raid1 personality registered for level 1
[    6.909462] raid6: sse2x1   gen()  7382 MB/s
[    6.977163] raid6: sse2x1   xor()  5473 MB/s
[    7.044937] raid6: sse2x2   gen()  9457 MB/s
[    7.113147] raid6: sse2x2   xor()  6448 MB/s
[    7.181388] raid6: sse2x4   gen() 10688 MB/s
[    7.249200] raid6: sse2x4   xor()  7917 MB/s
[    7.251012] raid6: using algorithm sse2x4 gen() 10688 MB/s
[    7.253308] raid6: .... xor() 7917 MB/s, rmw enabled
[    7.255307] raid6: using ssse3x2 recovery algorithm
[    7.259530] xor: automatically using best checksumming function:
[    7.301015]    avx       : 18925.000 MB/sec
[    7.304677] async_tx: api initialized (async)
[    7.329616] md: raid6 personality registered for level 6
[    7.334626] md: raid5 personality registered for level 5
[    7.338082] md: raid4 personality registered for level 4
[    7.353623] md: raid10 personality registered for level 10
done.
Begin: Running /scripts/init-premount ... done.
Begin: Mounting root file system ... Begin: Running /scripts/local-top ... done.
Begin: Running /scripts/local-premount ... [    7.403748] Btrfs loaded
Scanning for Btrfs filesystems
done.
Warning: fsck not present, so skipping root file system
[    7.450426] EXT4-fs (sda1): INFO: recovery required on readonly filesystem
[    7.453211] EXT4-fs (sda1): write access will be enabled during recovery
[    7.722152] EXT4-fs (sda1): recovery complete
[    7.725892] EXT4-fs (sda1): mounted filesystem with ordered data mode. Opts: (null)
done.
Begin: Running /scripts/local-bottom ... done.
Begin: Running /scripts/init-bottom ... done.
[    8.001918] systemd[1]: systemd 229 running in system mode. (+PAM +AUDIT +SELINUX +IMA +APPARMOR +SMACK +SYSVINIT +UTMP +LIBCRYPTSETUP +GCRYPT +GNUTLS +ACL +XZ -LZ4 +SECCOMP +BLKID +ELFUTILS +KMOD -IDN)
[    8.012357] systemd[1]: Detected virtualization oracle.
[    8.014986] systemd[1]: Detected architecture x86-64.

Welcome to [1mUbuntu 16.04.6 LTS[0m!

[    8.022045] systemd[1]: Set hostname to <k8-worker-bdaas-2>.
[    8.232661] systemd[1]: Configuration file /lib/systemd/system/kubelet.service is marked world-inaccessible. This has no effect as configuration data is accessible via APIs without restrictions. Proceeding anyway.
[    8.244141] systemd[1]: Configuration file /etc/systemd/system/kubelet.service.d/10-kubeadm.conf is marked world-inaccessible. This has no effect as configuration data is accessible via APIs without restrictions. Proceeding anyway.
[    8.263892] systemd[1]: Listening on Journal Socket (/dev/log).
[[0;32m  OK  [0m] Listening on Journal Socket (/dev/log).
[    8.269266] systemd[1]: Set up automount Arbitrary Executable File Formats File System Automount Point.
[[0;32m  OK  [0m] Set up automount Arbitrary Executab...ats File System Automount Point.
[    8.279013] systemd[1]: Listening on Syslog Socket.
[[0;32m  OK  [0m] Listening on Syslog Socket.
[    8.285302] systemd[1]: Started Trigger resolvconf update for networkd DNS.
[[0;32m  OK  [0m] Started Trigger resolvconf update for networkd DNS.
[    8.291884] systemd[1]: Reached target Encrypted Volumes.
[[0;32m  OK  [0m] Reached target Encrypted Volumes.
[    8.296710] systemd[1]: Reached target Swap.
[[0;32m  OK  [0m] Reached target Swap.
[    8.301594] systemd[1]: Listening on Device-mapper event daemon FIFOs.
[[0;32m  OK  [0m] Listening on Device-mapper event daemon FIFOs.
[    8.317524] systemd[1]: Reached target User and Group Name Lookups.
[[0;32m  OK  [0m] Reached target User and Group Name Lookups.
[    8.323444] systemd[1]: Listening on udev Kernel Socket.
[[0;32m  OK  [0m] Listening on udev Kernel Socket.
[    8.329172] systemd[1]: Listening on Journal Socket.
[[0;32m  OK  [0m] Listening on Journal Socket.
[    8.333780] systemd[1]: Listening on LVM2 poll daemon socket.
[[0;32m  OK  [0m] Listening on LVM2 poll daemon socket.
[    8.339395] systemd[1]: Listening on LVM2 metadata daemon socket.
[[0;32m  OK  [0m] Listening on LVM2 metadata daemon socket.
[    8.344824] systemd[1]: Started Forward Password Requests to Wall Directory Watch.
[[0;32m  OK  [0m] Started Forward Password Requests to Wall Directory Watch.
[    8.351741] systemd[1]: Listening on /dev/initctl Compatibility Named Pipe.
[[0;32m  OK  [0m] Listening on /dev/initctl Compatibility Named Pipe.
[    8.358317] systemd[1]: Listening on Journal Audit Socket.
[[0;32m  OK  [0m] Listening on Journal Audit Socket.
[    8.363680] systemd[1]: Created slice User and Session Slice.
[[0;32m  OK  [0m] Created slice User and Session Slice.
[    8.368722] systemd[1]: Reached target System Time Synchronized.
[[0;32m  OK  [0m] Reached target System Time Synchronized.
[    8.374114] systemd[1]: Created slice System Slice.
[[0;32m  OK  [0m] Created slice System Slice.
[    8.389449] systemd[1]: Starting Uncomplicated firewall...
         Starting Uncomplicated firewall...
[    8.397527] systemd[1]: Starting Set console keymap...
         Starting Set console keymap...
[    8.405082] systemd[1]: Starting Journal Service...
         Starting Journal Service...
[    8.415824] systemd[1]: Starting Create list of required static device nodes for the current kernel...
         Starting Create list of required st... nodes for the current kernel...
[    8.428277] systemd[1]: Starting Nameserver information manager...
         Starting Nameserver information manager...
[    8.447307] systemd[1]: Mounting Debug File System...
         Mounting Debug File System...
[    8.473329] systemd[1]: Starting Monitoring of LVM2 mirrors, snapshots etc. using dmeventd or progress polling...
         Starting Monitoring of LVM2 mirrors... dmeventd or progress polling...
[    8.482444] systemd[1]: Reached target Slices.
[[0;32m  OK  [0m] Reached target Slices.
[    8.492599] systemd[1]: Mounting POSIX Message Queue File System...
         Mounting POSIX Message Queue File System...
[    8.503758] systemd[1]: Starting Load Kernel Modules...
         Starting Load Kernel Modules...
[    8.514051] systemd[1]: Mounting Huge Pages File System...
         Mounting Huge Pages File System...
[    8.521673] systemd[1]: Created slice system-serial\x2dgetty.slice.
[[0;32m  OK  [0m] Created slice system-serial\[    8.528370] Loading iSCSI transport class v2.0-870.
x2dgetty.slice.
[    8.537413] systemd[1]: Listening on udev Control Socket.
[[0;32m  OK  [0m] Listening on udev Control Socket.
[    8.544372] systemd[1]: Starting Remount Root and Kernel File Systems...
         Starting Remount Root and Kernel File Systems...
[    8.553337] iscsi: registered transport (tcp)
[    8.555759] systemd[1]: Mounted Huge Pages File System.
[    8.559041] EXT4-fs (sda1): re-mounted. Opts: (null)
[[0;32m  OK  [0m] Mounted Huge Pages File System.
[    8.563882] systemd[1]: Mounted Debug File System.
[[0;32m  OK  [0m] Mounted Debug File System.
[    8.569851] systemd[1]: Mounted POSIX Message Queue File System.
[[0;32m  OK  [0m] Mounted POSIX Message Queue File System.
[    8.576342] systemd[1]: Started Journal Service.
[[0;32m  OK  [0m] Started Journal Service.
[[0;32m  OK  [0m] Started Uncomplicated firewall.
[[0;32m  OK  [0m] Started Set console keymap.
[[0;32m  OK  [0m] Started Create list of required sta...ce nodes for the current kernel.
[    8.609654] iscsi: registered transport (iser)
[[0;32m  OK  [0m] Started Remount Root and Kernel File Systems.
[[0;32m  OK  [0m] Started Load Kernel Modules.
[[0;32m  OK  [0m] Started Nameserver information manager.
[[0;32m  OK  [0m] Started LVM2 metadata daemon.
[    8.714904] random: nonblocking pool is initialized
         Mounting FUSE Control File System...
         Starting Apply Kernel Variables...
         Starting Load/Save Random Seed...
         Starting udev Coldplug all Devices...
         Starting Create Static Device Nodes in /dev...
         Starting Flush Journal to Persistent Storage...
[[0;32m  OK  [0m] Mounted FUSE Control File System.
[[0;32m  OK  [0m] Started Load/Save Random Seed.
[[0;32m  OK  [0m] Started Apply Kernel Variables.
[[0;32m  OK  [0m] Started Create Static Device Nodes in /dev.
         Starting udev Kernel Device Manager...
[[0;32m  OK  [0m] Started Monitoring of LVM2 mirrors,...ng dmeventd or progress polling.
[[0;32m  OK  [0m] Started Flush Journal to Persistent Storage.
[[0;32m  OK  [0m] Reached target Local File Systems (Pre).
[[0;32m  OK  [0m] Reached target Local File Systems.
         Starting Set console font and keymap...
         Starting Create Volatile Files and Directories...
         Starting LSB: AppArmor initialization...
         Starting Tell Plymouth To Write Out Runtime Data...
         Starting LSB: ebtables ruleset management...
         Starting Initial cloud-init job (pre-networking)...
[[0;32m  OK  [0m] Started udev Kernel Device Manager.
[[0;32m  OK  [0m] Started udev Coldplug all Devices.
[[0;32m  OK  [0m] Started Create Volatile Files and Directories.
[[0;32m  OK  [0m] Started Tell Plymouth To Write Out Runtime Data.
         Starting Update UTMP about System Boot/Shutdown...
[[0;32m  OK  [0m] Started Dispatch Password Requests to Console Directory Watch.
[[0;32m  OK  [0m] Started LSB: ebtables ruleset management.
[[0;32m  OK  [0m] Started LSB: AppArmor initialization.
[[0;32m  OK  [0m] Started Update UTMP about System Boot/Shutdown.
[[0;32m  OK  [0m] Found device /dev/ttyS0.
[[0;32m  OK  [0m] Listening on Load/Save RF Kill Switch Status /dev/rfkill Watch.
[[0;32m  OK  [0m] Found device 82540EM Gigabit Ethern...r (PRO/1000 MT Desktop Adapter).
[[0;32m  OK  [0m] Found device 82540EM Gigabit Ethern...r (PRO/1000 MT Desktop Adapter).
[[0;32m  OK  [0m] Started Set console font and keymap.
[[0;32m  OK  [0m] Created slice system-getty.slice.
[   10.673456] cloud-init[495]: Cloud-init v. 19.1-1-gbaa47854-0ubuntu1~16.04.1 running 'init-local' at Wed, 10 Jul 2019 14:30:46 +0000. Up 10.02 seconds.
[[0;32m  OK  [0m] Started Initial cloud-init job (pre-networking).
[[0;32m  OK  [0m] Reached target Network (Pre).
[[0;32m  OK  [0m] Started ifup for enp0s8.
         Starting Raise network interfaces...
[[0;32m  OK  [0m] Started ifup for enp0s3.
[[0;32m  OK  [0m] Started Raise network interfaces.
[[0;32m  OK  [0m] Reached target Network.
         Starting Initial cloud-init job (metadata service crawler)...
[   12.464566] cloud-init[1075]: Cloud-init v. 19.1-1-gbaa47854-0ubuntu1~16.04.1 running 'init' at Wed, 10 Jul 2019 14:30:48 +0000. Up 11.78 seconds.
[   12.480920] cloud-init[1075]: ci-info: ++++++++++++++++++++++++++++++++++++++Net device info+++++++++++++++++++++++++++++++++++++++
[   12.486742] cloud-init[1075]: ci-info: +--------+------+-----------------------------+---------------+--------+-------------------+
[   12.516039] cloud-init[1075]: ci-info: | Device |  Up  |           Address           |      Mask     | Scope  |     Hw-Address    |
[   12.532713] cloud-init[1075]: ci-info: +--------+------+-----------------------------+---------------+--------+-------------------+
[   12.539324] cloud-init[1075]: ci-info: | enp0s3 | True |          10.0.2.15          | 255.255.255.0 | global | 02:0c:60:2c:ab:01 |
[   12.547084] cloud-init[1075]: ci-info: | enp0s3 | True |  fe80::c:60ff:fe2c:ab01/64  |       .       |  link  | 02:0c:60:2c:ab:01 |
[   12.554033] cloud-init[1075]: ci-info: | enp0s8 | True |        192.168.205.12       | 255.255.255.0 | global | 08:00:27:6d:c6:3c |
[   12.560299] cloud-init[1075]: ci-info: | enp0s8 | True | fe80::a00:27ff:fe6d:c63c/64 |       .       |  link  | 08:00:27:6d:c6:3c |
[   12.573169] cloud-init[1075]: ci-info: |   lo   | True |          127.0.0.1          |   255.0.0.0   |  host  |         .         |
[   12.592914] cloud-init[1075]: ci-info: |   lo   | True |           ::1/128           |       .       |  host  |         .         |
[   12.602723] cloud-init[1075]: ci-info: +--------+------+-----------------------------+---------------+--------+-------------------+
[   12.614756] cloud-init[1075]: ci-info: ++++++++++++++++++++++++++++Route IPv4 info+++++++++++++++++++++++++++++
[   12.622980] cloud-init[1075]: ci-info: +-------+---------------+----------+---------------+-----------+-------+
[   12.634021] cloud-init[1075]: ci-info: | Route |  Destination  | Gateway  |    Genmask    | Interface | Flags |
[   12.640923] cloud-init[1075]: ci-info: +-------+---------------+----------+---------------+-----------+-------+
[   12.653291] cloud-init[1075]: ci-info: |   0   |    0.0.0.0    | 10.0.2.2 |    0.0.0.0    |   enp0s3  |   UG  |
[   12.659989] cloud-init[1075]: ci-info: |   1   |    10.0.2.0   | 0.0.0.0  | 255.255.255.0 |   enp0s3  |   U   |
[   12.667473] cloud-init[1075]: ci-info: |   2   | 192.168.205.0 | 0.0.0.0  | 255.255.255.0 |   enp0s8  |   U   |
[   12.671813] cloud-init[1075]: ci-info: +-------+---------------+----------+---------------+-----------+-------+
[   12.689584] cloud-init[1075]: ci-info: +++++++++++++++++++Route IPv6 info+++++++++++++++++++
[   12.701152] cloud-init[1075]: ci-info: +-------+-------------+---------+-----------+-------+
[   12.704607] cloud-init[1075]: ci-info: | Route | Destination | Gateway | Interface | Flags |
[   12.708569] cloud-init[1075]: ci-info: +-------+-------------+---------+-----------+-------+
[   12.713654] cloud-init[1075]: ci-info: |   0   |  fe80::/64  |    ::   |   enp0s8  |   U   |
[   12.721791] cloud-init[1075]: ci-info: |   1   |  fe80::/64  |    ::   |   enp0s3  |   U   |
[   12.726726] cloud-init[1075]: ci-info: |   4   |   ff00::/8  |    ::   |   enp0s8  |   U   |
[   12.737357] cloud-init[1075]: ci-info: |   5   |   ff00::/8  |    ::   |   enp0s3  |   U   |
[   12.745353] cloud-init[1075]: ci-info: +-------+-------------+---------+-----------+-------+
[[0;32m  OK  [0m] Started Initial cloud-init job (metadata service crawler).
[[0;32m  OK  [0m] Reached target System Initialization.
[[0;32m  OK  [0m] Started Daily apt download activities.
[[0;32m  OK  [0m] Listening on UUID daemon activation socket.
         Starting Docker Socket for the API.
         Starting LXD - unix socket.
[[0;32m  OK  [0m] Started Daily apt upgrade and clean activities.
         Starting Socket activation for snappy daemon.
[[0;32m  OK  [0m] Started Daily Cleanup of Temporary Directories.
[[0;32m  OK  [0m] Reached target Timers.
[[0;32m  OK  [0m] Started ACPI Events Check.
[[0;32m  OK  [0m] Reached target Paths.
[[0;32m  OK  [0m] Listening on ACPID Listen Socket.
[[0;32m  OK  [0m] Listening on D-Bus System Message Bus Socket.
[[0;32m  OK  [0m] Reached target Network is Online.
         Starting iSCSI initiator daemon (iscsid)...
[[0;32m  OK  [0m] Reached target Cloud-config availability.
[[0;32m  OK  [0m] Listening on Docker Socket for the API.
[[0;32m  OK  [0m] Listening on LXD - unix socket.
[[0;32m  OK  [0m] Listening on Socket activation for snappy daemon.
[[0;32m  OK  [0m] Started iSCSI initiator daemon (iscsid).
         Starting Login to default iSCSI targets...
[[0;32m  OK  [0m] Reached target Sockets.
[[0;32m  OK  [0m] Reached target Basic System.
         Starting LXD - container startup/shutdown...
         Starting Accounts Service...
[[0;32m  OK  [0m] Started Regular background program processing daemon.
         Starting LSB: Record successful boot for GRUB...
         Starting Login Service...
[[0;32m  OK  [0m] Started D-Bus System Message Bus.
[[0;32m  OK  [0m] Started kubelet: The Kubernetes Node Agent.
[[0;32m  OK  [0m] Started Deferred execution scheduler.
         Starting OpenBSD Secure Shell server...
         Starting LSB: MD monitoring daemon...
         Starting Snappy daemon...
         Starting /etc/rc.local Compatibility...
         Starting Virtualbox guest utils...
[[0;32m  OK  [0m] Started ACPI event daemon.
         Starting System Logging Service...
[[0;32m  OK  [0m] Started FUSE filesystem for LXC.
         Starting Docker Application Container Engine...
[[0;32m  OK  [0m] Started /etc/rc.local Compatibility.
[[0;32m  OK  [0m] Started LXD - container startup/shutdown.
[[0;32m  OK  [0m] Started System Logging Service.
[[0;32m  OK  [0m] Started Login to default iSCSI targets.
[[0;32m  OK  [0m] Started OpenBSD Secure Shell server.
[[0;32m  OK  [0m] Started LSB: Record successful boot for GRUB.
[[0;32m  OK  [0m] Started LSB: MD monitoring daemon.
[[0;32m  OK  [0m] Started Login Service.
[[0;32m  OK  [0m] Started Unattended Upgrades Shutdown.
         Starting Authenticate and Authorize Users to Run Privileged Tasks...
[[0;32m  OK  [0m] Reached target Remote File Systems (Pre).
[[0;32m  OK  [0m] Reached target Remote File Systems.
         Starting LSB: Set up cgroupfs mounts....
         Starting LSB: daemon to balance interrupts for SMP systems...
         Starting Permit User Sessions...
         Starting LSB: Set the CPU Frequency Scaling governor to "ondemand"...
         Starting LSB: automatic crash report generation...
[[0;32m  OK  [0m] Started Snappy daemon.
[[0;32m  OK  [0m] Started LSB: Set up cgroupfs mounts..
[[0;32m  OK  [0m] Started Permit User Sessions.
[[0;32m  OK  [0m] Started Authenticate and Authorize Users to Run Privileged Tasks.
         Starting Hold until boot process finishes up...
         Starting Terminate Plymouth Boot Screen...
         Starting Wait until snapd is fully seeded...
[[0;32m  OK  [0m] Started Hold until boot process finishes up.
[[0;32m  OK  [0m] Started Terminate Plymouth Boot Screen.
[[0;32m  OK  [0m] Started Accounts Service.
[[0;32m  OK  [0m] Started LSB: Set the CPU Frequency Scaling governor to "ondemand".
[[0;32m  OK  [0m] Started Getty on tty1.
         Starting Set console scheme...
[[0;32m  OK  [0m] Started Serial Getty on ttyS0.
[[0;32m  OK  [0m] Reached target Login Prompts.
[[0;32m  OK  [0m] Started LSB: daemon to balance interrupts for SMP systems.
[[0;32m  OK  [0m] Started LSB: automatic crash report generation.
[[0;32m  OK  [0m] Started Set console scheme.
[[0;32m  OK  [0m] Started Virtualbox guest utils.
[[0;32m  OK  [0m] Started Wait until snapd is fully seeded.
         Starting Apply the settings specified in cloud-config...
[[0;32m  OK  [0m] Started Kubernetes systemd probe.
[   17.105336] cloud-init[1351]: Cloud-init v. 19.1-1-gbaa47854-0ubuntu1~16.04.1 running 'modules:config' at Wed, 10 Jul 2019 14:30:52 +0000. Up 16.50 seconds.
[[0;32m  OK  [0m] Started Apply the settings specified in cloud-config.
[[0;32m  OK  [0m] Created slice User Slice of vagrant.
         Starting User Manager for UID 1000...
[[0;32m  OK  [0m] Started Session 1 of user vagrant.
[[0;32m  OK  [0m] Started User Manager for UID 1000.
[[0;32m  OK  [0m] Started Docker Application Container Engine.
[[0;32m  OK  [0m] Reached target Multi-User System.
[[0;32m  OK  [0m] Reached target Graphical Interface.
         Starting Update UTMP about System Runlevel Changes...
         Starting Execute cloud user/final scripts...
[[0;32m  OK  [0m] Started Update UTMP about System Runlevel Changes.
[   20.011990] cloud-init[1640]: Cloud-init v. 19.1-1-gbaa47854-0ubuntu1~16.04.1 running 'modules:final' at Wed, 10 Jul 2019 14:30:55 +0000. Up 19.64 seconds.
[   20.056906] cloud-init[1640]: Cloud-init v. 19.1-1-gbaa47854-0ubuntu1~16.04.1 finished at Wed, 10 Jul 2019 14:30:56 +0000. Datasource DataSourceNoCloud [seed=/dev/sdb][dsmode=net].  Up 19.99 seconds

Ubuntu 16.04.6 LTS k8-worker-bdaas-2 ttyS0

k8-worker-bdaas-2 login: [[0;32m  OK  [0m] Started ACPI event daemon.
         Stopping LSB: automatic crash report generation...
[[0;32m  OK  [0m] Stopped LSB: automatic crash report generation.
[[0;32m  OK  [0m] Started ACPI event daemon.
[[0;32m  OK  [0m] Started ACPI event daemon.
[[0;32m  OK  [0m] Started ACPI event daemon.
[[0;32m  OK  [0m] Started ACPI event daemon.
[[0;32m  OK  [0m] Started ACPI event daemon.
         Starting LSB: automatic crash report generation...
[[0;32m  OK  [0m] Started LSB: automatic crash report generation.
[[0;32m  OK  [0m] Started ACPI event daemon.
[[0;32m  OK  [0m] Started Daily apt upgrade and clean activities.
